c:\users\etien\dossier\efrei\m2\ar\vrpn\vrpn0732\pc_win32\server_src\vrpn_server\debug\vrpn_server.bsc
c:\users\etien\dossier\efrei\m2\ar\vrpn\vrpn0732\pc_win32\server_src\vrpn_server\debug\vc142.pdb
c:\users\etien\dossier\efrei\m2\ar\vrpn\vrpn0732\pc_win32\server_src\vrpn_server\debug\vrpn.sbr
c:\users\etien\dossier\efrei\m2\ar\vrpn\vrpn0732\pc_win32\server_src\vrpn_server\debug\vrpn_generic_server_object.sbr
c:\users\etien\dossier\efrei\m2\ar\vrpn\vrpn0732\pc_win32\server_src\vrpn_server\debug\vrpn_generic_server_object.obj
c:\users\etien\dossier\efrei\m2\ar\vrpn\vrpn0732\pc_win32\server_src\vrpn_server\debug\vrpn.obj
c:\users\etien\dossier\efrei\m2\ar\vrpn\vrpn0732\pc_win32\server_src\vrpn_server\debug\vrpn_server.ilk
c:\users\etien\dossier\efrei\m2\ar\vrpn\vrpn0732\pc_win32\server_src\vrpn_server\debug\vrpn_server.exe
c:\users\etien\dossier\efrei\m2\ar\vrpn\vrpn0732\pc_win32\server_src\vrpn_server\debug\vrpn_server.pdb
c:\users\etien\dossier\efrei\m2\ar\vrpn\vrpn0732\pc_win32\server_src\vrpn_server\debug\vrpn_server.lib
c:\users\etien\dossier\efrei\m2\ar\vrpn\vrpn0732\pc_win32\server_src\vrpn_server\debug\vrpn_server.exp
c:\users\etien\dossier\efrei\m2\ar\vrpn\vrpn0732\server_src\.\../pc_win32/server_src/vrpn_server/debug\vrpn_server.exe
c:\users\etien\dossier\efrei\m2\ar\vrpn\vrpn0732\pc_win32\server_src\vrpn_server\debug\vrpn_server.tlog\bscmake.command.1.tlog
c:\users\etien\dossier\efrei\m2\ar\vrpn\vrpn0732\pc_win32\server_src\vrpn_server\debug\vrpn_server.tlog\bscmake.read.1.tlog
c:\users\etien\dossier\efrei\m2\ar\vrpn\vrpn0732\pc_win32\server_src\vrpn_server\debug\vrpn_server.tlog\bscmake.write.1.tlog
c:\users\etien\dossier\efrei\m2\ar\vrpn\vrpn0732\pc_win32\server_src\vrpn_server\debug\vrpn_server.tlog\cl.command.1.tlog
c:\users\etien\dossier\efrei\m2\ar\vrpn\vrpn0732\pc_win32\server_src\vrpn_server\debug\vrpn_server.tlog\cl.read.1.tlog
c:\users\etien\dossier\efrei\m2\ar\vrpn\vrpn0732\pc_win32\server_src\vrpn_server\debug\vrpn_server.tlog\cl.write.1.tlog
c:\users\etien\dossier\efrei\m2\ar\vrpn\vrpn0732\pc_win32\server_src\vrpn_server\debug\vrpn_server.tlog\link.command.1.tlog
c:\users\etien\dossier\efrei\m2\ar\vrpn\vrpn0732\pc_win32\server_src\vrpn_server\debug\vrpn_server.tlog\link.read.1.tlog
c:\users\etien\dossier\efrei\m2\ar\vrpn\vrpn0732\pc_win32\server_src\vrpn_server\debug\vrpn_server.tlog\link.write.1.tlog
c:\users\etien\dossier\efrei\m2\ar\vrpn\vrpn0732\pc_win32\server_src\vrpn_server\debug\vrpn_server.tlog\vrpn_server.write.1u.tlog
