  vrpn.C
  vrpn_Generic_server_object.C
  Generating Code...
gpsnmealib.lib(nmeaParser.obj) : warning LNK4075: ignoring '/EDITANDCONTINUE' due to '/SAFESEH' specification
     Creating library .\../pc_win32/server_src/vrpn_server/Debug\vrpn_server.lib and object .\../pc_win32/server_src/vrpn_server/Debug\vrpn_server.exp
vrpn.lib(vrpn_3DConnexion.obj) : warning LNK4099: PDB 'vrpn.pdb' was not found with 'vrpn.lib(vrpn_3DConnexion.obj)' or at 'C:\Users\etien\Dossier\efrei\M2\AR\VRPN\vrpn0732\pc_win32\server_src\vrpn_server\Debug\vrpn.pdb'; linking object as if no debug info
vrpn.lib(vrpn_3Space.obj) : warning LNK4099: PDB 'vrpn.pdb' was not found with 'vrpn.lib(vrpn_3Space.obj)' or at 'C:\Users\etien\Dossier\efrei\M2\AR\VRPN\vrpn0732\pc_win32\server_src\vrpn_server\Debug\vrpn.pdb'; linking object as if no debug info
vrpn.lib(vrpn_5DT16.obj) : warning LNK4099: PDB 'vrpn.pdb' was not found with 'vrpn.lib(vrpn_5DT16.obj)' or at 'C:\Users\etien\Dossier\efrei\M2\AR\VRPN\vrpn0732\pc_win32\server_src\vrpn_server\Debug\vrpn.pdb'; linking object as if no debug info
vrpn.lib(vrpn_ADBox.obj) : warning LNK4099: PDB 'vrpn.pdb' was not found with 'vrpn.lib(vrpn_ADBox.obj)' or at 'C:\Users\etien\Dossier\efrei\M2\AR\VRPN\vrpn0732\pc_win32\server_src\vrpn_server\Debug\vrpn.pdb'; linking object as if no debug info
vrpn.lib(vrpn_Analog.obj) : warning LNK4099: PDB 'vrpn.pdb' was not found with 'vrpn.lib(vrpn_Analog.obj)' or at 'C:\Users\etien\Dossier\efrei\M2\AR\VRPN\vrpn0732\pc_win32\server_src\vrpn_server\Debug\vrpn.pdb'; linking object as if no debug info
vrpn.lib(vrpn_Analog_5dt.obj) : warning LNK4099: PDB 'vrpn.pdb' was not found with 'vrpn.lib(vrpn_Analog_5dt.obj)' or at 'C:\Users\etien\Dossier\efrei\M2\AR\VRPN\vrpn0732\pc_win32\server_src\vrpn_server\Debug\vrpn.pdb'; linking object as if no debug info
vrpn.lib(vrpn_Analog_5dtUSB.obj) : warning LNK4099: PDB 'vrpn.pdb' was not found with 'vrpn.lib(vrpn_Analog_5dtUSB.obj)' or at 'C:\Users\etien\Dossier\efrei\M2\AR\VRPN\vrpn0732\pc_win32\server_src\vrpn_server\Debug\vrpn.pdb'; linking object as if no debug info
vrpn.lib(vrpn_Analog_Output.obj) : warning LNK4099: PDB 'vrpn.pdb' was not found with 'vrpn.lib(vrpn_Analog_Output.obj)' or at 'C:\Users\etien\Dossier\efrei\M2\AR\VRPN\vrpn0732\pc_win32\server_src\vrpn_server\Debug\vrpn.pdb'; linking object as if no debug info
vrpn.lib(vrpn_Analog_Radamec_SPI.obj) : warning LNK4099: PDB 'vrpn.pdb' was not found with 'vrpn.lib(vrpn_Analog_Radamec_SPI.obj)' or at 'C:\Users\etien\Dossier\efrei\M2\AR\VRPN\vrpn0732\pc_win32\server_src\vrpn_server\Debug\vrpn.pdb'; linking object as if no debug info
vrpn.lib(vrpn_Analog_USDigital_A2.obj) : warning LNK4099: PDB 'vrpn.pdb' was not found with 'vrpn.lib(vrpn_Analog_USDigital_A2.obj)' or at 'C:\Users\etien\Dossier\efrei\M2\AR\VRPN\vrpn0732\pc_win32\server_src\vrpn_server\Debug\vrpn.pdb'; linking object as if no debug info
vrpn.lib(vrpn_Auxiliary_Logger.obj) : warning LNK4099: PDB 'vrpn.pdb' was not found with 'vrpn.lib(vrpn_Auxiliary_Logger.obj)' or at 'C:\Users\etien\Dossier\efrei\M2\AR\VRPN\vrpn0732\pc_win32\server_src\vrpn_server\Debug\vrpn.pdb'; linking object as if no debug info
vrpn.lib(vrpn_BaseClass.obj) : warning LNK4099: PDB 'vrpn.pdb' was not found with 'vrpn.lib(vrpn_BaseClass.obj)' or at 'C:\Users\etien\Dossier\efrei\M2\AR\VRPN\vrpn0732\pc_win32\server_src\vrpn_server\Debug\vrpn.pdb'; linking object as if no debug info
vrpn.lib(vrpn_BiosciencesTools.obj) : warning LNK4099: PDB 'vrpn.pdb' was not found with 'vrpn.lib(vrpn_BiosciencesTools.obj)' or at 'C:\Users\etien\Dossier\efrei\M2\AR\VRPN\vrpn0732\pc_win32\server_src\vrpn_server\Debug\vrpn.pdb'; linking object as if no debug info
vrpn.lib(vrpn_Button.obj) : warning LNK4099: PDB 'vrpn.pdb' was not found with 'vrpn.lib(vrpn_Button.obj)' or at 'C:\Users\etien\Dossier\efrei\M2\AR\VRPN\vrpn0732\pc_win32\server_src\vrpn_server\Debug\vrpn.pdb'; linking object as if no debug info
vrpn.lib(vrpn_Button_NI_DIO24.obj) : warning LNK4099: PDB 'vrpn.pdb' was not found with 'vrpn.lib(vrpn_Button_NI_DIO24.obj)' or at 'C:\Users\etien\Dossier\efrei\M2\AR\VRPN\vrpn0732\pc_win32\server_src\vrpn_server\Debug\vrpn.pdb'; linking object as if no debug info
vrpn.lib(vrpn_Button_USB.obj) : warning LNK4099: PDB 'vrpn.pdb' was not found with 'vrpn.lib(vrpn_Button_USB.obj)' or at 'C:\Users\etien\Dossier\efrei\M2\AR\VRPN\vrpn0732\pc_win32\server_src\vrpn_server\Debug\vrpn.pdb'; linking object as if no debug info
vrpn.lib(vrpn_CerealBox.obj) : warning LNK4099: PDB 'vrpn.pdb' was not found with 'vrpn.lib(vrpn_CerealBox.obj)' or at 'C:\Users\etien\Dossier\efrei\M2\AR\VRPN\vrpn0732\pc_win32\server_src\vrpn_server\Debug\vrpn.pdb'; linking object as if no debug info
vrpn.lib(vrpn_CHProducts_Controller_Raw.obj) : warning LNK4099: PDB 'vrpn.pdb' was not found with 'vrpn.lib(vrpn_CHProducts_Controller_Raw.obj)' or at 'C:\Users\etien\Dossier\efrei\M2\AR\VRPN\vrpn0732\pc_win32\server_src\vrpn_server\Debug\vrpn.pdb'; linking object as if no debug info
vrpn.lib(vrpn_Connection.obj) : warning LNK4099: PDB 'vrpn.pdb' was not found with 'vrpn.lib(vrpn_Connection.obj)' or at 'C:\Users\etien\Dossier\efrei\M2\AR\VRPN\vrpn0732\pc_win32\server_src\vrpn_server\Debug\vrpn.pdb'; linking object as if no debug info
vrpn.lib(vrpn_Contour.obj) : warning LNK4099: PDB 'vrpn.pdb' was not found with 'vrpn.lib(vrpn_Contour.obj)' or at 'C:\Users\etien\Dossier\efrei\M2\AR\VRPN\vrpn0732\pc_win32\server_src\vrpn_server\Debug\vrpn.pdb'; linking object as if no debug info
vrpn.lib(vrpn_Dial.obj) : warning LNK4099: PDB 'vrpn.pdb' was not found with 'vrpn.lib(vrpn_Dial.obj)' or at 'C:\Users\etien\Dossier\efrei\M2\AR\VRPN\vrpn0732\pc_win32\server_src\vrpn_server\Debug\vrpn.pdb'; linking object as if no debug info
vrpn.lib(vrpn_DreamCheeky.obj) : warning LNK4099: PDB 'vrpn.pdb' was not found with 'vrpn.lib(vrpn_DreamCheeky.obj)' or at 'C:\Users\etien\Dossier\efrei\M2\AR\VRPN\vrpn0732\pc_win32\server_src\vrpn_server\Debug\vrpn.pdb'; linking object as if no debug info
vrpn.lib(vrpn_Dyna.obj) : warning LNK4099: PDB 'vrpn.pdb' was not found with 'vrpn.lib(vrpn_Dyna.obj)' or at 'C:\Users\etien\Dossier\efrei\M2\AR\VRPN\vrpn0732\pc_win32\server_src\vrpn_server\Debug\vrpn.pdb'; linking object as if no debug info
vrpn.lib(vrpn_Event.obj) : warning LNK4099: PDB 'vrpn.pdb' was not found with 'vrpn.lib(vrpn_Event.obj)' or at 'C:\Users\etien\Dossier\efrei\M2\AR\VRPN\vrpn0732\pc_win32\server_src\vrpn_server\Debug\vrpn.pdb'; linking object as if no debug info
vrpn.lib(vrpn_Event_Analog.obj) : warning LNK4099: PDB 'vrpn.pdb' was not found with 'vrpn.lib(vrpn_Event_Analog.obj)' or at 'C:\Users\etien\Dossier\efrei\M2\AR\VRPN\vrpn0732\pc_win32\server_src\vrpn_server\Debug\vrpn.pdb'; linking object as if no debug info
vrpn.lib(vrpn_Event_Mouse.obj) : warning LNK4099: PDB 'vrpn.pdb' was not found with 'vrpn.lib(vrpn_Event_Mouse.obj)' or at 'C:\Users\etien\Dossier\efrei\M2\AR\VRPN\vrpn0732\pc_win32\server_src\vrpn_server\Debug\vrpn.pdb'; linking object as if no debug info
vrpn.lib(vrpn_FileConnection.obj) : warning LNK4099: PDB 'vrpn.pdb' was not found with 'vrpn.lib(vrpn_FileConnection.obj)' or at 'C:\Users\etien\Dossier\efrei\M2\AR\VRPN\vrpn0732\pc_win32\server_src\vrpn_server\Debug\vrpn.pdb'; linking object as if no debug info
vrpn.lib(vrpn_Flock.obj) : warning LNK4099: PDB 'vrpn.pdb' was not found with 'vrpn.lib(vrpn_Flock.obj)' or at 'C:\Users\etien\Dossier\efrei\M2\AR\VRPN\vrpn0732\pc_win32\server_src\vrpn_server\Debug\vrpn.pdb'; linking object as if no debug info
vrpn.lib(vrpn_Flock_Parallel.obj) : warning LNK4099: PDB 'vrpn.pdb' was not found with 'vrpn.lib(vrpn_Flock_Parallel.obj)' or at 'C:\Users\etien\Dossier\efrei\M2\AR\VRPN\vrpn0732\pc_win32\server_src\vrpn_server\Debug\vrpn.pdb'; linking object as if no debug info
vrpn.lib(vrpn_Forwarder.obj) : warning LNK4099: PDB 'vrpn.pdb' was not found with 'vrpn.lib(vrpn_Forwarder.obj)' or at 'C:\Users\etien\Dossier\efrei\M2\AR\VRPN\vrpn0732\pc_win32\server_src\vrpn_server\Debug\vrpn.pdb'; linking object as if no debug info
vrpn.lib(vrpn_ForwarderController.obj) : warning LNK4099: PDB 'vrpn.pdb' was not found with 'vrpn.lib(vrpn_ForwarderController.obj)' or at 'C:\Users\etien\Dossier\efrei\M2\AR\VRPN\vrpn0732\pc_win32\server_src\vrpn_server\Debug\vrpn.pdb'; linking object as if no debug info
vrpn.lib(vrpn_Futaba.obj) : warning LNK4099: PDB 'vrpn.pdb' was not found with 'vrpn.lib(vrpn_Futaba.obj)' or at 'C:\Users\etien\Dossier\efrei\M2\AR\VRPN\vrpn0732\pc_win32\server_src\vrpn_server\Debug\vrpn.pdb'; linking object as if no debug info
vrpn.lib(vrpn_GlobalHapticsOrb.obj) : warning LNK4099: PDB 'vrpn.pdb' was not found with 'vrpn.lib(vrpn_GlobalHapticsOrb.obj)' or at 'C:\Users\etien\Dossier\efrei\M2\AR\VRPN\vrpn0732\pc_win32\server_src\vrpn_server\Debug\vrpn.pdb'; linking object as if no debug info
vrpn.lib(vrpn_Griffin.obj) : warning LNK4099: PDB 'vrpn.pdb' was not found with 'vrpn.lib(vrpn_Griffin.obj)' or at 'C:\Users\etien\Dossier\efrei\M2\AR\VRPN\vrpn0732\pc_win32\server_src\vrpn_server\Debug\vrpn.pdb'; linking object as if no debug info
vrpn.lib(vrpn_HumanInterface.obj) : warning LNK4099: PDB 'vrpn.pdb' was not found with 'vrpn.lib(vrpn_HumanInterface.obj)' or at 'C:\Users\etien\Dossier\efrei\M2\AR\VRPN\vrpn0732\pc_win32\server_src\vrpn_server\Debug\vrpn.pdb'; linking object as if no debug info
vrpn.lib(vrpn_IDEA.obj) : warning LNK4099: PDB 'vrpn.pdb' was not found with 'vrpn.lib(vrpn_IDEA.obj)' or at 'C:\Users\etien\Dossier\efrei\M2\AR\VRPN\vrpn0732\pc_win32\server_src\vrpn_server\Debug\vrpn.pdb'; linking object as if no debug info
vrpn.lib(vrpn_Imager.obj) : warning LNK4099: PDB 'vrpn.pdb' was not found with 'vrpn.lib(vrpn_Imager.obj)' or at 'C:\Users\etien\Dossier\efrei\M2\AR\VRPN\vrpn0732\pc_win32\server_src\vrpn_server\Debug\vrpn.pdb'; linking object as if no debug info
vrpn.lib(vrpn_Imager_Stream_Buffer.obj) : warning LNK4099: PDB 'vrpn.pdb' was not found with 'vrpn.lib(vrpn_Imager_Stream_Buffer.obj)' or at 'C:\Users\etien\Dossier\efrei\M2\AR\VRPN\vrpn0732\pc_win32\server_src\vrpn_server\Debug\vrpn.pdb'; linking object as if no debug info
vrpn.lib(vrpn_ImmersionBox.obj) : warning LNK4099: PDB 'vrpn.pdb' was not found with 'vrpn.lib(vrpn_ImmersionBox.obj)' or at 'C:\Users\etien\Dossier\efrei\M2\AR\VRPN\vrpn0732\pc_win32\server_src\vrpn_server\Debug\vrpn.pdb'; linking object as if no debug info
vrpn.lib(vrpn_inertiamouse.obj) : warning LNK4099: PDB 'vrpn.pdb' was not found with 'vrpn.lib(vrpn_inertiamouse.obj)' or at 'C:\Users\etien\Dossier\efrei\M2\AR\VRPN\vrpn0732\pc_win32\server_src\vrpn_server\Debug\vrpn.pdb'; linking object as if no debug info
vrpn.lib(vrpn_Joywin32.obj) : warning LNK4099: PDB 'vrpn.pdb' was not found with 'vrpn.lib(vrpn_Joywin32.obj)' or at 'C:\Users\etien\Dossier\efrei\M2\AR\VRPN\vrpn0732\pc_win32\server_src\vrpn_server\Debug\vrpn.pdb'; linking object as if no debug info
vrpn.lib(vrpn_Keyboard.obj) : warning LNK4099: PDB 'vrpn.pdb' was not found with 'vrpn.lib(vrpn_Keyboard.obj)' or at 'C:\Users\etien\Dossier\efrei\M2\AR\VRPN\vrpn0732\pc_win32\server_src\vrpn_server\Debug\vrpn.pdb'; linking object as if no debug info
vrpn.lib(vrpn_Local_HIDAPI.obj) : warning LNK4099: PDB 'vrpn.pdb' was not found with 'vrpn.lib(vrpn_Local_HIDAPI.obj)' or at 'C:\Users\etien\Dossier\efrei\M2\AR\VRPN\vrpn0732\pc_win32\server_src\vrpn_server\Debug\vrpn.pdb'; linking object as if no debug info
vrpn.lib(vrpn_Logitech_Controller_Raw.obj) : warning LNK4099: PDB 'vrpn.pdb' was not found with 'vrpn.lib(vrpn_Logitech_Controller_Raw.obj)' or at 'C:\Users\etien\Dossier\efrei\M2\AR\VRPN\vrpn0732\pc_win32\server_src\vrpn_server\Debug\vrpn.pdb'; linking object as if no debug info
vrpn.lib(vrpn_Magellan.obj) : warning LNK4099: PDB 'vrpn.pdb' was not found with 'vrpn.lib(vrpn_Magellan.obj)' or at 'C:\Users\etien\Dossier\efrei\M2\AR\VRPN\vrpn0732\pc_win32\server_src\vrpn_server\Debug\vrpn.pdb'; linking object as if no debug info
vrpn.lib(vrpn_Microsoft_Controller_Raw.obj) : warning LNK4099: PDB 'vrpn.pdb' was not found with 'vrpn.lib(vrpn_Microsoft_Controller_Raw.obj)' or at 'C:\Users\etien\Dossier\efrei\M2\AR\VRPN\vrpn0732\pc_win32\server_src\vrpn_server\Debug\vrpn.pdb'; linking object as if no debug info
vrpn.lib(vrpn_Mouse.obj) : warning LNK4099: PDB 'vrpn.pdb' was not found with 'vrpn.lib(vrpn_Mouse.obj)' or at 'C:\Users\etien\Dossier\efrei\M2\AR\VRPN\vrpn0732\pc_win32\server_src\vrpn_server\Debug\vrpn.pdb'; linking object as if no debug info
vrpn.lib(vrpn_nikon_controls.obj) : warning LNK4099: PDB 'vrpn.pdb' was not found with 'vrpn.lib(vrpn_nikon_controls.obj)' or at 'C:\Users\etien\Dossier\efrei\M2\AR\VRPN\vrpn0732\pc_win32\server_src\vrpn_server\Debug\vrpn.pdb'; linking object as if no debug info
vrpn.lib(vrpn_Poser.obj) : warning LNK4099: PDB 'vrpn.pdb' was not found with 'vrpn.lib(vrpn_Poser.obj)' or at 'C:\Users\etien\Dossier\efrei\M2\AR\VRPN\vrpn0732\pc_win32\server_src\vrpn_server\Debug\vrpn.pdb'; linking object as if no debug info
vrpn.lib(vrpn_Poser_Analog.obj) : warning LNK4099: PDB 'vrpn.pdb' was not found with 'vrpn.lib(vrpn_Poser_Analog.obj)' or at 'C:\Users\etien\Dossier\efrei\M2\AR\VRPN\vrpn0732\pc_win32\server_src\vrpn_server\Debug\vrpn.pdb'; linking object as if no debug info
vrpn.lib(vrpn_Poser_Tek4662.obj) : warning LNK4099: PDB 'vrpn.pdb' was not found with 'vrpn.lib(vrpn_Poser_Tek4662.obj)' or at 'C:\Users\etien\Dossier\efrei\M2\AR\VRPN\vrpn0732\pc_win32\server_src\vrpn_server\Debug\vrpn.pdb'; linking object as if no debug info
vrpn.lib(vrpn_raw_sgibox.obj) : warning LNK4099: PDB 'vrpn.pdb' was not found with 'vrpn.lib(vrpn_raw_sgibox.obj)' or at 'C:\Users\etien\Dossier\efrei\M2\AR\VRPN\vrpn0732\pc_win32\server_src\vrpn_server\Debug\vrpn.pdb'; linking object as if no debug info
vrpn.lib(vrpn_RetroLink.obj) : warning LNK4099: PDB 'vrpn.pdb' was not found with 'vrpn.lib(vrpn_RetroLink.obj)' or at 'C:\Users\etien\Dossier\efrei\M2\AR\VRPN\vrpn0732\pc_win32\server_src\vrpn_server\Debug\vrpn.pdb'; linking object as if no debug info
vrpn.lib(vrpn_Saitek_Controller_Raw.obj) : warning LNK4099: PDB 'vrpn.pdb' was not found with 'vrpn.lib(vrpn_Saitek_Controller_Raw.obj)' or at 'C:\Users\etien\Dossier\efrei\M2\AR\VRPN\vrpn0732\pc_win32\server_src\vrpn_server\Debug\vrpn.pdb'; linking object as if no debug info
vrpn.lib(vrpn_Serial.obj) : warning LNK4099: PDB 'vrpn.pdb' was not found with 'vrpn.lib(vrpn_Serial.obj)' or at 'C:\Users\etien\Dossier\efrei\M2\AR\VRPN\vrpn0732\pc_win32\server_src\vrpn_server\Debug\vrpn.pdb'; linking object as if no debug info
vrpn.lib(vrpn_Shared.obj) : warning LNK4099: PDB 'vrpn.pdb' was not found with 'vrpn.lib(vrpn_Shared.obj)' or at 'C:\Users\etien\Dossier\efrei\M2\AR\VRPN\vrpn0732\pc_win32\server_src\vrpn_server\Debug\vrpn.pdb'; linking object as if no debug info
vrpn.lib(vrpn_Spaceball.obj) : warning LNK4099: PDB 'vrpn.pdb' was not found with 'vrpn.lib(vrpn_Spaceball.obj)' or at 'C:\Users\etien\Dossier\efrei\M2\AR\VRPN\vrpn0732\pc_win32\server_src\vrpn_server\Debug\vrpn.pdb'; linking object as if no debug info
vrpn.lib(vrpn_Tng3.obj) : warning LNK4099: PDB 'vrpn.pdb' was not found with 'vrpn.lib(vrpn_Tng3.obj)' or at 'C:\Users\etien\Dossier\efrei\M2\AR\VRPN\vrpn0732\pc_win32\server_src\vrpn_server\Debug\vrpn.pdb'; linking object as if no debug info
vrpn.lib(vrpn_Tracker.obj) : warning LNK4099: PDB 'vrpn.pdb' was not found with 'vrpn.lib(vrpn_Tracker.obj)' or at 'C:\Users\etien\Dossier\efrei\M2\AR\VRPN\vrpn0732\pc_win32\server_src\vrpn_server\Debug\vrpn.pdb'; linking object as if no debug info
vrpn.lib(vrpn_Tracker_3DMouse.obj) : warning LNK4099: PDB 'vrpn.pdb' was not found with 'vrpn.lib(vrpn_Tracker_3DMouse.obj)' or at 'C:\Users\etien\Dossier\efrei\M2\AR\VRPN\vrpn0732\pc_win32\server_src\vrpn_server\Debug\vrpn.pdb'; linking object as if no debug info
vrpn.lib(vrpn_Tracker_AnalogFly.obj) : warning LNK4099: PDB 'vrpn.pdb' was not found with 'vrpn.lib(vrpn_Tracker_AnalogFly.obj)' or at 'C:\Users\etien\Dossier\efrei\M2\AR\VRPN\vrpn0732\pc_win32\server_src\vrpn_server\Debug\vrpn.pdb'; linking object as if no debug info
vrpn.lib(vrpn_Tracker_ButtonFly.obj) : warning LNK4099: PDB 'vrpn.pdb' was not found with 'vrpn.lib(vrpn_Tracker_ButtonFly.obj)' or at 'C:\Users\etien\Dossier\efrei\M2\AR\VRPN\vrpn0732\pc_win32\server_src\vrpn_server\Debug\vrpn.pdb'; linking object as if no debug info
vrpn.lib(vrpn_Tracker_Crossbow.obj) : warning LNK4099: PDB 'vrpn.pdb' was not found with 'vrpn.lib(vrpn_Tracker_Crossbow.obj)' or at 'C:\Users\etien\Dossier\efrei\M2\AR\VRPN\vrpn0732\pc_win32\server_src\vrpn_server\Debug\vrpn.pdb'; linking object as if no debug info
vrpn.lib(vrpn_Tracker_DTrack.obj) : warning LNK4099: PDB 'vrpn.pdb' was not found with 'vrpn.lib(vrpn_Tracker_DTrack.obj)' or at 'C:\Users\etien\Dossier\efrei\M2\AR\VRPN\vrpn0732\pc_win32\server_src\vrpn_server\Debug\vrpn.pdb'; linking object as if no debug info
vrpn.lib(vrpn_Tracker_Fastrak.obj) : warning LNK4099: PDB 'vrpn.pdb' was not found with 'vrpn.lib(vrpn_Tracker_Fastrak.obj)' or at 'C:\Users\etien\Dossier\efrei\M2\AR\VRPN\vrpn0732\pc_win32\server_src\vrpn_server\Debug\vrpn.pdb'; linking object as if no debug info
vrpn.lib(vrpn_Tracker_Filter.obj) : warning LNK4099: PDB 'vrpn.pdb' was not found with 'vrpn.lib(vrpn_Tracker_Filter.obj)' or at 'C:\Users\etien\Dossier\efrei\M2\AR\VRPN\vrpn0732\pc_win32\server_src\vrpn_server\Debug\vrpn.pdb'; linking object as if no debug info
vrpn.lib(vrpn_Tracker_GameTrak.obj) : warning LNK4099: PDB 'vrpn.pdb' was not found with 'vrpn.lib(vrpn_Tracker_GameTrak.obj)' or at 'C:\Users\etien\Dossier\efrei\M2\AR\VRPN\vrpn0732\pc_win32\server_src\vrpn_server\Debug\vrpn.pdb'; linking object as if no debug info
vrpn.lib(vrpn_Tracker_GPS.obj) : warning LNK4099: PDB 'vrpn.pdb' was not found with 'vrpn.lib(vrpn_Tracker_GPS.obj)' or at 'C:\Users\etien\Dossier\efrei\M2\AR\VRPN\vrpn0732\pc_win32\server_src\vrpn_server\Debug\vrpn.pdb'; linking object as if no debug info
vrpn.lib(vrpn_Tracker_Isotrak.obj) : warning LNK4099: PDB 'vrpn.pdb' was not found with 'vrpn.lib(vrpn_Tracker_Isotrak.obj)' or at 'C:\Users\etien\Dossier\efrei\M2\AR\VRPN\vrpn0732\pc_win32\server_src\vrpn_server\Debug\vrpn.pdb'; linking object as if no debug info
vrpn.lib(vrpn_Tracker_Liberty.obj) : warning LNK4099: PDB 'vrpn.pdb' was not found with 'vrpn.lib(vrpn_Tracker_Liberty.obj)' or at 'C:\Users\etien\Dossier\efrei\M2\AR\VRPN\vrpn0732\pc_win32\server_src\vrpn_server\Debug\vrpn.pdb'; linking object as if no debug info
vrpn.lib(vrpn_Tracker_NDI_Polaris.obj) : warning LNK4099: PDB 'vrpn.pdb' was not found with 'vrpn.lib(vrpn_Tracker_NDI_Polaris.obj)' or at 'C:\Users\etien\Dossier\efrei\M2\AR\VRPN\vrpn0732\pc_win32\server_src\vrpn_server\Debug\vrpn.pdb'; linking object as if no debug info
vrpn.lib(vrpn_Tracker_RazerHydra.obj) : warning LNK4099: PDB 'vrpn.pdb' was not found with 'vrpn.lib(vrpn_Tracker_RazerHydra.obj)' or at 'C:\Users\etien\Dossier\efrei\M2\AR\VRPN\vrpn0732\pc_win32\server_src\vrpn_server\Debug\vrpn.pdb'; linking object as if no debug info
vrpn.lib(vrpn_Tracker_SpacePoint.obj) : warning LNK4099: PDB 'vrpn.pdb' was not found with 'vrpn.lib(vrpn_Tracker_SpacePoint.obj)' or at 'C:\Users\etien\Dossier\efrei\M2\AR\VRPN\vrpn0732\pc_win32\server_src\vrpn_server\Debug\vrpn.pdb'; linking object as if no debug info
vrpn.lib(vrpn_Tracker_WiimoteHead.obj) : warning LNK4099: PDB 'vrpn.pdb' was not found with 'vrpn.lib(vrpn_Tracker_WiimoteHead.obj)' or at 'C:\Users\etien\Dossier\efrei\M2\AR\VRPN\vrpn0732\pc_win32\server_src\vrpn_server\Debug\vrpn.pdb'; linking object as if no debug info
vrpn.lib(vrpn_Tracker_Wintracker.obj) : warning LNK4099: PDB 'vrpn.pdb' was not found with 'vrpn.lib(vrpn_Tracker_Wintracker.obj)' or at 'C:\Users\etien\Dossier\efrei\M2\AR\VRPN\vrpn0732\pc_win32\server_src\vrpn_server\Debug\vrpn.pdb'; linking object as if no debug info
vrpn.lib(vrpn_UNC_Joystick.obj) : warning LNK4099: PDB 'vrpn.pdb' was not found with 'vrpn.lib(vrpn_UNC_Joystick.obj)' or at 'C:\Users\etien\Dossier\efrei\M2\AR\VRPN\vrpn0732\pc_win32\server_src\vrpn_server\Debug\vrpn.pdb'; linking object as if no debug info
vrpn.lib(vrpn_VPJoystick.obj) : warning LNK4099: PDB 'vrpn.pdb' was not found with 'vrpn.lib(vrpn_VPJoystick.obj)' or at 'C:\Users\etien\Dossier\efrei\M2\AR\VRPN\vrpn0732\pc_win32\server_src\vrpn_server\Debug\vrpn.pdb'; linking object as if no debug info
vrpn.lib(vrpn_Wanda.obj) : warning LNK4099: PDB 'vrpn.pdb' was not found with 'vrpn.lib(vrpn_Wanda.obj)' or at 'C:\Users\etien\Dossier\efrei\M2\AR\VRPN\vrpn0732\pc_win32\server_src\vrpn_server\Debug\vrpn.pdb'; linking object as if no debug info
vrpn.lib(vrpn_Xkeys.obj) : warning LNK4099: PDB 'vrpn.pdb' was not found with 'vrpn.lib(vrpn_Xkeys.obj)' or at 'C:\Users\etien\Dossier\efrei\M2\AR\VRPN\vrpn0732\pc_win32\server_src\vrpn_server\Debug\vrpn.pdb'; linking object as if no debug info
vrpn.lib(vrpn_YEI_3Space.obj) : warning LNK4099: PDB 'vrpn.pdb' was not found with 'vrpn.lib(vrpn_YEI_3Space.obj)' or at 'C:\Users\etien\Dossier\efrei\M2\AR\VRPN\vrpn0732\pc_win32\server_src\vrpn_server\Debug\vrpn.pdb'; linking object as if no debug info
vrpn.lib(vrpn_Zaber.obj) : warning LNK4099: PDB 'vrpn.pdb' was not found with 'vrpn.lib(vrpn_Zaber.obj)' or at 'C:\Users\etien\Dossier\efrei\M2\AR\VRPN\vrpn0732\pc_win32\server_src\vrpn_server\Debug\vrpn.pdb'; linking object as if no debug info
  vrpn_server.vcxproj -> C:\Users\etien\Dossier\efrei\M2\AR\VRPN\vrpn0732\server_src\.\../pc_win32/server_src/vrpn_server/Debug\vrpn_server.exe
