c:\users\etien\dossier\efrei\m2\ar\vrpn\vrpn0732\pc_win32\debug\vrpn.bsc
c:\users\etien\dossier\efrei\m2\ar\vrpn\vrpn0732\pc_win32\debug\vrpn.pdb
c:\users\etien\dossier\efrei\m2\ar\vrpn\vrpn0732\pc_win32\debug\vrpn_3dconnexion.sbr
c:\users\etien\dossier\efrei\m2\ar\vrpn\vrpn0732\pc_win32\debug\vrpn_3dmicroscribe.sbr
c:\users\etien\dossier\efrei\m2\ar\vrpn\vrpn0732\pc_win32\debug\vrpn_3space.sbr
c:\users\etien\dossier\efrei\m2\ar\vrpn\vrpn0732\pc_win32\debug\vrpn_5dt16.sbr
c:\users\etien\dossier\efrei\m2\ar\vrpn\vrpn0732\pc_win32\debug\vrpn_adbox.sbr
c:\users\etien\dossier\efrei\m2\ar\vrpn\vrpn0732\pc_win32\debug\vrpn_analog.sbr
c:\users\etien\dossier\efrei\m2\ar\vrpn\vrpn0732\pc_win32\debug\vrpn_analog_5dt.sbr
c:\users\etien\dossier\efrei\m2\ar\vrpn\vrpn0732\pc_win32\debug\vrpn_analog_5dtusb.sbr
c:\users\etien\dossier\efrei\m2\ar\vrpn\vrpn0732\pc_win32\debug\vrpn_analog_output.sbr
c:\users\etien\dossier\efrei\m2\ar\vrpn\vrpn0732\pc_win32\debug\vrpn_analog_radamec_spi.sbr
c:\users\etien\dossier\efrei\m2\ar\vrpn\vrpn0732\pc_win32\debug\vrpn_analog_usdigital_a2.sbr
c:\users\etien\dossier\efrei\m2\ar\vrpn\vrpn0732\pc_win32\debug\vrpn_auxiliary_logger.sbr
c:\users\etien\dossier\efrei\m2\ar\vrpn\vrpn0732\pc_win32\debug\vrpn_baseclass.sbr
c:\users\etien\dossier\efrei\m2\ar\vrpn\vrpn0732\pc_win32\debug\vrpn_biosciencestools.sbr
c:\users\etien\dossier\efrei\m2\ar\vrpn\vrpn0732\pc_win32\debug\vrpn_button.sbr
c:\users\etien\dossier\efrei\m2\ar\vrpn\vrpn0732\pc_win32\debug\vrpn_button_ni_dio24.sbr
c:\users\etien\dossier\efrei\m2\ar\vrpn\vrpn0732\pc_win32\debug\vrpn_button_usb.sbr
c:\users\etien\dossier\efrei\m2\ar\vrpn\vrpn0732\pc_win32\debug\vrpn_cerealbox.sbr
c:\users\etien\dossier\efrei\m2\ar\vrpn\vrpn0732\pc_win32\debug\vrpn_chproducts_controller_raw.sbr
c:\users\etien\dossier\efrei\m2\ar\vrpn\vrpn0732\pc_win32\debug\vrpn_connection.sbr
c:\users\etien\dossier\efrei\m2\ar\vrpn\vrpn0732\pc_win32\debug\vrpn_connection.obj
c:\users\etien\dossier\efrei\m2\ar\vrpn\vrpn0732\pc_win32\debug\vrpn_chproducts_controller_raw.obj
c:\users\etien\dossier\efrei\m2\ar\vrpn\vrpn0732\pc_win32\debug\vrpn_cerealbox.obj
c:\users\etien\dossier\efrei\m2\ar\vrpn\vrpn0732\pc_win32\debug\vrpn_button_usb.obj
c:\users\etien\dossier\efrei\m2\ar\vrpn\vrpn0732\pc_win32\debug\vrpn_button_ni_dio24.obj
c:\users\etien\dossier\efrei\m2\ar\vrpn\vrpn0732\pc_win32\debug\vrpn_button.obj
c:\users\etien\dossier\efrei\m2\ar\vrpn\vrpn0732\pc_win32\debug\vrpn_biosciencestools.obj
c:\users\etien\dossier\efrei\m2\ar\vrpn\vrpn0732\pc_win32\debug\vrpn_baseclass.obj
c:\users\etien\dossier\efrei\m2\ar\vrpn\vrpn0732\pc_win32\debug\vrpn_auxiliary_logger.obj
c:\users\etien\dossier\efrei\m2\ar\vrpn\vrpn0732\pc_win32\debug\vrpn_analog_usdigital_a2.obj
c:\users\etien\dossier\efrei\m2\ar\vrpn\vrpn0732\pc_win32\debug\vrpn_analog_radamec_spi.obj
c:\users\etien\dossier\efrei\m2\ar\vrpn\vrpn0732\pc_win32\debug\vrpn_analog_output.obj
c:\users\etien\dossier\efrei\m2\ar\vrpn\vrpn0732\pc_win32\debug\vrpn_analog_5dtusb.obj
c:\users\etien\dossier\efrei\m2\ar\vrpn\vrpn0732\pc_win32\debug\vrpn_analog_5dt.obj
c:\users\etien\dossier\efrei\m2\ar\vrpn\vrpn0732\pc_win32\debug\vrpn_analog.obj
c:\users\etien\dossier\efrei\m2\ar\vrpn\vrpn0732\pc_win32\debug\vrpn_adbox.obj
c:\users\etien\dossier\efrei\m2\ar\vrpn\vrpn0732\pc_win32\debug\vrpn_5dt16.obj
c:\users\etien\dossier\efrei\m2\ar\vrpn\vrpn0732\pc_win32\debug\vrpn_3space.obj
c:\users\etien\dossier\efrei\m2\ar\vrpn\vrpn0732\pc_win32\debug\vrpn_3dmicroscribe.obj
c:\users\etien\dossier\efrei\m2\ar\vrpn\vrpn0732\pc_win32\debug\vrpn_3dconnexion.obj
c:\users\etien\dossier\efrei\m2\ar\vrpn\vrpn0732\pc_win32\debug\vrpn_contour.sbr
c:\users\etien\dossier\efrei\m2\ar\vrpn\vrpn0732\pc_win32\debug\vrpn_dial.sbr
c:\users\etien\dossier\efrei\m2\ar\vrpn\vrpn0732\pc_win32\debug\vrpn_directxffjoystick.sbr
c:\users\etien\dossier\efrei\m2\ar\vrpn\vrpn0732\pc_win32\debug\vrpn_directxrumblepad.sbr
c:\users\etien\dossier\efrei\m2\ar\vrpn\vrpn0732\pc_win32\debug\vrpn_dreamcheeky.sbr
c:\users\etien\dossier\efrei\m2\ar\vrpn\vrpn0732\pc_win32\debug\vrpn_dyna.sbr
c:\users\etien\dossier\efrei\m2\ar\vrpn\vrpn0732\pc_win32\debug\vrpn_event.sbr
c:\users\etien\dossier\efrei\m2\ar\vrpn\vrpn0732\pc_win32\debug\vrpn_event_analog.sbr
c:\users\etien\dossier\efrei\m2\ar\vrpn\vrpn0732\pc_win32\debug\vrpn_event_mouse.sbr
c:\users\etien\dossier\efrei\m2\ar\vrpn\vrpn0732\pc_win32\debug\vrpn_fileconnection.sbr
c:\users\etien\dossier\efrei\m2\ar\vrpn\vrpn0732\pc_win32\debug\vrpn_filecontroller.sbr
c:\users\etien\dossier\efrei\m2\ar\vrpn\vrpn0732\pc_win32\debug\vrpn_flock.sbr
c:\users\etien\dossier\efrei\m2\ar\vrpn\vrpn0732\pc_win32\debug\vrpn_flock_parallel.sbr
c:\users\etien\dossier\efrei\m2\ar\vrpn\vrpn0732\pc_win32\debug\vrpn_forcedevice.sbr
c:\users\etien\dossier\efrei\m2\ar\vrpn\vrpn0732\pc_win32\debug\vrpn_forcedeviceserver.sbr
c:\users\etien\dossier\efrei\m2\ar\vrpn\vrpn0732\pc_win32\debug\vrpn_forwarder.sbr
c:\users\etien\dossier\efrei\m2\ar\vrpn\vrpn0732\pc_win32\debug\vrpn_forwardercontroller.sbr
c:\users\etien\dossier\efrei\m2\ar\vrpn\vrpn0732\pc_win32\debug\vrpn_freespace.sbr
c:\users\etien\dossier\efrei\m2\ar\vrpn\vrpn0732\pc_win32\debug\vrpn_functiongenerator.sbr
c:\users\etien\dossier\efrei\m2\ar\vrpn\vrpn0732\pc_win32\debug\vrpn_futaba.sbr
c:\users\etien\dossier\efrei\m2\ar\vrpn\vrpn0732\pc_win32\debug\vrpn_futaba.obj
c:\users\etien\dossier\efrei\m2\ar\vrpn\vrpn0732\pc_win32\debug\vrpn_functiongenerator.obj
c:\users\etien\dossier\efrei\m2\ar\vrpn\vrpn0732\pc_win32\debug\vrpn_freespace.obj
c:\users\etien\dossier\efrei\m2\ar\vrpn\vrpn0732\pc_win32\debug\vrpn_forwardercontroller.obj
c:\users\etien\dossier\efrei\m2\ar\vrpn\vrpn0732\pc_win32\debug\vrpn_forwarder.obj
c:\users\etien\dossier\efrei\m2\ar\vrpn\vrpn0732\pc_win32\debug\vrpn_forcedeviceserver.obj
c:\users\etien\dossier\efrei\m2\ar\vrpn\vrpn0732\pc_win32\debug\vrpn_forcedevice.obj
c:\users\etien\dossier\efrei\m2\ar\vrpn\vrpn0732\pc_win32\debug\vrpn_flock_parallel.obj
c:\users\etien\dossier\efrei\m2\ar\vrpn\vrpn0732\pc_win32\debug\vrpn_flock.obj
c:\users\etien\dossier\efrei\m2\ar\vrpn\vrpn0732\pc_win32\debug\vrpn_filecontroller.obj
c:\users\etien\dossier\efrei\m2\ar\vrpn\vrpn0732\pc_win32\debug\vrpn_fileconnection.obj
c:\users\etien\dossier\efrei\m2\ar\vrpn\vrpn0732\pc_win32\debug\vrpn_event_mouse.obj
c:\users\etien\dossier\efrei\m2\ar\vrpn\vrpn0732\pc_win32\debug\vrpn_event_analog.obj
c:\users\etien\dossier\efrei\m2\ar\vrpn\vrpn0732\pc_win32\debug\vrpn_event.obj
c:\users\etien\dossier\efrei\m2\ar\vrpn\vrpn0732\pc_win32\debug\vrpn_dyna.obj
c:\users\etien\dossier\efrei\m2\ar\vrpn\vrpn0732\pc_win32\debug\vrpn_dreamcheeky.obj
c:\users\etien\dossier\efrei\m2\ar\vrpn\vrpn0732\pc_win32\debug\vrpn_directxrumblepad.obj
c:\users\etien\dossier\efrei\m2\ar\vrpn\vrpn0732\pc_win32\debug\vrpn_directxffjoystick.obj
c:\users\etien\dossier\efrei\m2\ar\vrpn\vrpn0732\pc_win32\debug\vrpn_dial.obj
c:\users\etien\dossier\efrei\m2\ar\vrpn\vrpn0732\pc_win32\debug\vrpn_contour.obj
c:\users\etien\dossier\efrei\m2\ar\vrpn\vrpn0732\pc_win32\debug\vrpn_globalhapticsorb.sbr
c:\users\etien\dossier\efrei\m2\ar\vrpn\vrpn0732\pc_win32\debug\vrpn_griffin.sbr
c:\users\etien\dossier\efrei\m2\ar\vrpn\vrpn0732\pc_win32\debug\vrpn_humaninterface.sbr
c:\users\etien\dossier\efrei\m2\ar\vrpn\vrpn0732\pc_win32\debug\vrpn_idea.sbr
c:\users\etien\dossier\efrei\m2\ar\vrpn\vrpn0732\pc_win32\debug\vrpn_imager.sbr
c:\users\etien\dossier\efrei\m2\ar\vrpn\vrpn0732\pc_win32\debug\vrpn_imager_stream_buffer.sbr
c:\users\etien\dossier\efrei\m2\ar\vrpn\vrpn0732\pc_win32\debug\vrpn_immersionbox.sbr
c:\users\etien\dossier\efrei\m2\ar\vrpn\vrpn0732\pc_win32\debug\vrpn_inertiamouse.sbr
c:\users\etien\dossier\efrei\m2\ar\vrpn\vrpn0732\pc_win32\debug\vrpn_joyfly.sbr
c:\users\etien\dossier\efrei\m2\ar\vrpn\vrpn0732\pc_win32\debug\vrpn_joylin.sbr
c:\users\etien\dossier\efrei\m2\ar\vrpn\vrpn0732\pc_win32\debug\vrpn_joywin32.sbr
c:\users\etien\dossier\efrei\m2\ar\vrpn\vrpn0732\pc_win32\debug\vrpn_keyboard.sbr
c:\users\etien\dossier\efrei\m2\ar\vrpn\vrpn0732\pc_win32\debug\vrpn_lamportclock.sbr
c:\users\etien\dossier\efrei\m2\ar\vrpn\vrpn0732\pc_win32\debug\vrpn_local_hidapi.sbr
c:\users\etien\dossier\efrei\m2\ar\vrpn\vrpn0732\pc_win32\debug\vrpn_logitech_controller_raw.sbr
c:\users\etien\dossier\efrei\m2\ar\vrpn\vrpn0732\pc_win32\debug\vrpn_ludl.sbr
c:\users\etien\dossier\efrei\m2\ar\vrpn\vrpn0732\pc_win32\debug\vrpn_magellan.sbr
c:\users\etien\dossier\efrei\m2\ar\vrpn\vrpn0732\pc_win32\debug\vrpn_microsoft_controller_raw.sbr
c:\users\etien\dossier\efrei\m2\ar\vrpn\vrpn0732\pc_win32\debug\vrpn_mouse.sbr
c:\users\etien\dossier\efrei\m2\ar\vrpn\vrpn0732\pc_win32\debug\vrpn_mutex.sbr
c:\users\etien\dossier\efrei\m2\ar\vrpn\vrpn0732\pc_win32\debug\vrpn_mutex.obj
c:\users\etien\dossier\efrei\m2\ar\vrpn\vrpn0732\pc_win32\debug\vrpn_mouse.obj
c:\users\etien\dossier\efrei\m2\ar\vrpn\vrpn0732\pc_win32\debug\vrpn_microsoft_controller_raw.obj
c:\users\etien\dossier\efrei\m2\ar\vrpn\vrpn0732\pc_win32\debug\vrpn_magellan.obj
c:\users\etien\dossier\efrei\m2\ar\vrpn\vrpn0732\pc_win32\debug\vrpn_ludl.obj
c:\users\etien\dossier\efrei\m2\ar\vrpn\vrpn0732\pc_win32\debug\vrpn_logitech_controller_raw.obj
c:\users\etien\dossier\efrei\m2\ar\vrpn\vrpn0732\pc_win32\debug\vrpn_local_hidapi.obj
c:\users\etien\dossier\efrei\m2\ar\vrpn\vrpn0732\pc_win32\debug\vrpn_lamportclock.obj
c:\users\etien\dossier\efrei\m2\ar\vrpn\vrpn0732\pc_win32\debug\vrpn_keyboard.obj
c:\users\etien\dossier\efrei\m2\ar\vrpn\vrpn0732\pc_win32\debug\vrpn_joywin32.obj
c:\users\etien\dossier\efrei\m2\ar\vrpn\vrpn0732\pc_win32\debug\vrpn_joylin.obj
c:\users\etien\dossier\efrei\m2\ar\vrpn\vrpn0732\pc_win32\debug\vrpn_joyfly.obj
c:\users\etien\dossier\efrei\m2\ar\vrpn\vrpn0732\pc_win32\debug\vrpn_inertiamouse.obj
c:\users\etien\dossier\efrei\m2\ar\vrpn\vrpn0732\pc_win32\debug\vrpn_immersionbox.obj
c:\users\etien\dossier\efrei\m2\ar\vrpn\vrpn0732\pc_win32\debug\vrpn_imager_stream_buffer.obj
c:\users\etien\dossier\efrei\m2\ar\vrpn\vrpn0732\pc_win32\debug\vrpn_imager.obj
c:\users\etien\dossier\efrei\m2\ar\vrpn\vrpn0732\pc_win32\debug\vrpn_idea.obj
c:\users\etien\dossier\efrei\m2\ar\vrpn\vrpn0732\pc_win32\debug\vrpn_humaninterface.obj
c:\users\etien\dossier\efrei\m2\ar\vrpn\vrpn0732\pc_win32\debug\vrpn_griffin.obj
c:\users\etien\dossier\efrei\m2\ar\vrpn\vrpn0732\pc_win32\debug\vrpn_globalhapticsorb.obj
c:\users\etien\dossier\efrei\m2\ar\vrpn\vrpn0732\pc_win32\debug\vrpn_nationalinstruments.sbr
c:\users\etien\dossier\efrei\m2\ar\vrpn\vrpn0732\pc_win32\debug\vrpn_nidaq.sbr
c:\users\etien\dossier\efrei\m2\ar\vrpn\vrpn0732\pc_win32\debug\vrpn_nikon_controls.sbr
c:\users\etien\dossier\efrei\m2\ar\vrpn\vrpn0732\pc_win32\debug\vrpn_omegatemperature.sbr
c:\users\etien\dossier\efrei\m2\ar\vrpn\vrpn0732\pc_win32\debug\vrpn_poser.sbr
c:\users\etien\dossier\efrei\m2\ar\vrpn\vrpn0732\pc_win32\debug\vrpn_poser_analog.sbr
c:\users\etien\dossier\efrei\m2\ar\vrpn\vrpn0732\pc_win32\debug\vrpn_poser_tek4662.sbr
c:\users\etien\dossier\efrei\m2\ar\vrpn\vrpn0732\pc_win32\debug\vrpn_raw_sgibox.sbr
c:\users\etien\dossier\efrei\m2\ar\vrpn\vrpn0732\pc_win32\debug\vrpn_redundanttransmission.sbr
c:\users\etien\dossier\efrei\m2\ar\vrpn\vrpn0732\pc_win32\debug\vrpn_retrolink.sbr
c:\users\etien\dossier\efrei\m2\ar\vrpn\vrpn0732\pc_win32\debug\vrpn_saitek_controller_raw.sbr
c:\users\etien\dossier\efrei\m2\ar\vrpn\vrpn0732\pc_win32\debug\vrpn_serial.sbr
c:\users\etien\dossier\efrei\m2\ar\vrpn\vrpn0732\pc_win32\debug\vrpn_sgibox.sbr
c:\users\etien\dossier\efrei\m2\ar\vrpn\vrpn0732\pc_win32\debug\vrpn_shared.sbr
c:\users\etien\dossier\efrei\m2\ar\vrpn\vrpn0732\pc_win32\debug\vrpn_sharedobject.sbr
c:\users\etien\dossier\efrei\m2\ar\vrpn\vrpn0732\pc_win32\debug\vrpn_sound.sbr
c:\users\etien\dossier\efrei\m2\ar\vrpn\vrpn0732\pc_win32\debug\vrpn_spaceball.sbr
c:\users\etien\dossier\efrei\m2\ar\vrpn\vrpn0732\pc_win32\debug\vrpn_text.sbr
c:\users\etien\dossier\efrei\m2\ar\vrpn\vrpn0732\pc_win32\debug\vrpn_tng3.sbr
c:\users\etien\dossier\efrei\m2\ar\vrpn\vrpn0732\pc_win32\debug\vrpn_tracker.sbr
c:\users\etien\dossier\efrei\m2\ar\vrpn\vrpn0732\pc_win32\debug\vrpn_tracker.obj
c:\users\etien\dossier\efrei\m2\ar\vrpn\vrpn0732\pc_win32\debug\vrpn_tng3.obj
c:\users\etien\dossier\efrei\m2\ar\vrpn\vrpn0732\pc_win32\debug\vrpn_text.obj
c:\users\etien\dossier\efrei\m2\ar\vrpn\vrpn0732\pc_win32\debug\vrpn_spaceball.obj
c:\users\etien\dossier\efrei\m2\ar\vrpn\vrpn0732\pc_win32\debug\vrpn_sound.obj
c:\users\etien\dossier\efrei\m2\ar\vrpn\vrpn0732\pc_win32\debug\vrpn_sharedobject.obj
c:\users\etien\dossier\efrei\m2\ar\vrpn\vrpn0732\pc_win32\debug\vrpn_shared.obj
c:\users\etien\dossier\efrei\m2\ar\vrpn\vrpn0732\pc_win32\debug\vrpn_sgibox.obj
c:\users\etien\dossier\efrei\m2\ar\vrpn\vrpn0732\pc_win32\debug\vrpn_serial.obj
c:\users\etien\dossier\efrei\m2\ar\vrpn\vrpn0732\pc_win32\debug\vrpn_saitek_controller_raw.obj
c:\users\etien\dossier\efrei\m2\ar\vrpn\vrpn0732\pc_win32\debug\vrpn_retrolink.obj
c:\users\etien\dossier\efrei\m2\ar\vrpn\vrpn0732\pc_win32\debug\vrpn_redundanttransmission.obj
c:\users\etien\dossier\efrei\m2\ar\vrpn\vrpn0732\pc_win32\debug\vrpn_raw_sgibox.obj
c:\users\etien\dossier\efrei\m2\ar\vrpn\vrpn0732\pc_win32\debug\vrpn_poser_tek4662.obj
c:\users\etien\dossier\efrei\m2\ar\vrpn\vrpn0732\pc_win32\debug\vrpn_poser_analog.obj
c:\users\etien\dossier\efrei\m2\ar\vrpn\vrpn0732\pc_win32\debug\vrpn_poser.obj
c:\users\etien\dossier\efrei\m2\ar\vrpn\vrpn0732\pc_win32\debug\vrpn_omegatemperature.obj
c:\users\etien\dossier\efrei\m2\ar\vrpn\vrpn0732\pc_win32\debug\vrpn_nikon_controls.obj
c:\users\etien\dossier\efrei\m2\ar\vrpn\vrpn0732\pc_win32\debug\vrpn_nidaq.obj
c:\users\etien\dossier\efrei\m2\ar\vrpn\vrpn0732\pc_win32\debug\vrpn_nationalinstruments.obj
c:\users\etien\dossier\efrei\m2\ar\vrpn\vrpn0732\pc_win32\debug\vrpn_tracker_3dmouse.sbr
c:\users\etien\dossier\efrei\m2\ar\vrpn\vrpn0732\pc_win32\debug\vrpn_tracker_analogfly.sbr
c:\users\etien\dossier\efrei\m2\ar\vrpn\vrpn0732\pc_win32\debug\vrpn_tracker_buttonfly.sbr
c:\users\etien\dossier\efrei\m2\ar\vrpn\vrpn0732\pc_win32\debug\vrpn_tracker_crossbow.sbr
c:\users\etien\dossier\efrei\m2\ar\vrpn\vrpn0732\pc_win32\debug\vrpn_tracker_dtrack.sbr
c:\users\etien\dossier\efrei\m2\ar\vrpn\vrpn0732\pc_win32\debug\vrpn_tracker_fastrak.sbr
c:\users\etien\dossier\efrei\m2\ar\vrpn\vrpn0732\pc_win32\debug\vrpn_tracker_filter.sbr
c:\users\etien\dossier\efrei\m2\ar\vrpn\vrpn0732\pc_win32\debug\vrpn_tracker_gametrak.sbr
c:\users\etien\dossier\efrei\m2\ar\vrpn\vrpn0732\pc_win32\debug\vrpn_tracker_gps.sbr
c:\users\etien\dossier\efrei\m2\ar\vrpn\vrpn0732\pc_win32\debug\vrpn_tracker_isense.sbr
c:\users\etien\dossier\efrei\m2\ar\vrpn\vrpn0732\pc_win32\debug\vrpn_tracker_isotrak.sbr
c:\users\etien\dossier\efrei\m2\ar\vrpn\vrpn0732\pc_win32\debug\vrpn_tracker_jsonnet.sbr
c:\users\etien\dossier\efrei\m2\ar\vrpn\vrpn0732\pc_win32\debug\vrpn_tracker_liberty.sbr
c:\users\etien\dossier\efrei\m2\ar\vrpn\vrpn0732\pc_win32\debug\vrpn_tracker_libertyhs.sbr
c:\users\etien\dossier\efrei\m2\ar\vrpn\vrpn0732\pc_win32\debug\vrpn_tracker_motionnode.sbr
c:\users\etien\dossier\efrei\m2\ar\vrpn\vrpn0732\pc_win32\debug\vrpn_tracker_ndi_polaris.sbr
c:\users\etien\dossier\efrei\m2\ar\vrpn\vrpn0732\pc_win32\debug\vrpn_tracker_novintfalcon.sbr
c:\users\etien\dossier\efrei\m2\ar\vrpn\vrpn0732\pc_win32\debug\vrpn_tracker_pdi.sbr
c:\users\etien\dossier\efrei\m2\ar\vrpn\vrpn0732\pc_win32\debug\vrpn_tracker_phasespace.sbr
c:\users\etien\dossier\efrei\m2\ar\vrpn\vrpn0732\pc_win32\debug\vrpn_tracker_razerhydra.sbr
c:\users\etien\dossier\efrei\m2\ar\vrpn\vrpn0732\pc_win32\debug\vrpn_tracker_razerhydra.obj
c:\users\etien\dossier\efrei\m2\ar\vrpn\vrpn0732\pc_win32\debug\vrpn_tracker_phasespace.obj
c:\users\etien\dossier\efrei\m2\ar\vrpn\vrpn0732\pc_win32\debug\vrpn_tracker_pdi.obj
c:\users\etien\dossier\efrei\m2\ar\vrpn\vrpn0732\pc_win32\debug\vrpn_tracker_novintfalcon.obj
c:\users\etien\dossier\efrei\m2\ar\vrpn\vrpn0732\pc_win32\debug\vrpn_tracker_ndi_polaris.obj
c:\users\etien\dossier\efrei\m2\ar\vrpn\vrpn0732\pc_win32\debug\vrpn_tracker_motionnode.obj
c:\users\etien\dossier\efrei\m2\ar\vrpn\vrpn0732\pc_win32\debug\vrpn_tracker_libertyhs.obj
c:\users\etien\dossier\efrei\m2\ar\vrpn\vrpn0732\pc_win32\debug\vrpn_tracker_liberty.obj
c:\users\etien\dossier\efrei\m2\ar\vrpn\vrpn0732\pc_win32\debug\vrpn_tracker_jsonnet.obj
c:\users\etien\dossier\efrei\m2\ar\vrpn\vrpn0732\pc_win32\debug\vrpn_tracker_isotrak.obj
c:\users\etien\dossier\efrei\m2\ar\vrpn\vrpn0732\pc_win32\debug\vrpn_tracker_isense.obj
c:\users\etien\dossier\efrei\m2\ar\vrpn\vrpn0732\pc_win32\debug\vrpn_tracker_gps.obj
c:\users\etien\dossier\efrei\m2\ar\vrpn\vrpn0732\pc_win32\debug\vrpn_tracker_gametrak.obj
c:\users\etien\dossier\efrei\m2\ar\vrpn\vrpn0732\pc_win32\debug\vrpn_tracker_filter.obj
c:\users\etien\dossier\efrei\m2\ar\vrpn\vrpn0732\pc_win32\debug\vrpn_tracker_fastrak.obj
c:\users\etien\dossier\efrei\m2\ar\vrpn\vrpn0732\pc_win32\debug\vrpn_tracker_dtrack.obj
c:\users\etien\dossier\efrei\m2\ar\vrpn\vrpn0732\pc_win32\debug\vrpn_tracker_crossbow.obj
c:\users\etien\dossier\efrei\m2\ar\vrpn\vrpn0732\pc_win32\debug\vrpn_tracker_buttonfly.obj
c:\users\etien\dossier\efrei\m2\ar\vrpn\vrpn0732\pc_win32\debug\vrpn_tracker_analogfly.obj
c:\users\etien\dossier\efrei\m2\ar\vrpn\vrpn0732\pc_win32\debug\vrpn_tracker_3dmouse.obj
c:\users\etien\dossier\efrei\m2\ar\vrpn\vrpn0732\pc_win32\debug\vrpn_tracker_spacepoint.sbr
c:\users\etien\dossier\efrei\m2\ar\vrpn\vrpn0732\pc_win32\debug\vrpn_tracker_trivisiocolibri.sbr
c:\users\etien\dossier\efrei\m2\ar\vrpn\vrpn0732\pc_win32\debug\vrpn_tracker_viewpoint.sbr
c:\users\etien\dossier\efrei\m2\ar\vrpn\vrpn0732\pc_win32\debug\vrpn_tracker_wiimotehead.sbr
c:\users\etien\dossier\efrei\m2\ar\vrpn\vrpn0732\pc_win32\debug\vrpn_tracker_wintracker.sbr
c:\users\etien\dossier\efrei\m2\ar\vrpn\vrpn0732\pc_win32\debug\vrpn_tracker_zsight.sbr
c:\users\etien\dossier\efrei\m2\ar\vrpn\vrpn0732\pc_win32\debug\vrpn_unc_joystick.sbr
c:\users\etien\dossier\efrei\m2\ar\vrpn\vrpn0732\pc_win32\debug\vrpn_vpjoystick.sbr
c:\users\etien\dossier\efrei\m2\ar\vrpn\vrpn0732\pc_win32\debug\vrpn_wanda.sbr
c:\users\etien\dossier\efrei\m2\ar\vrpn\vrpn0732\pc_win32\debug\vrpn_wiimote.sbr
c:\users\etien\dossier\efrei\m2\ar\vrpn\vrpn0732\pc_win32\debug\vrpn_xinputgamepad.sbr
c:\users\etien\dossier\efrei\m2\ar\vrpn\vrpn0732\pc_win32\debug\vrpn_xkeys.sbr
c:\users\etien\dossier\efrei\m2\ar\vrpn\vrpn0732\pc_win32\debug\vrpn_yei_3space.sbr
c:\users\etien\dossier\efrei\m2\ar\vrpn\vrpn0732\pc_win32\debug\vrpn_zaber.sbr
c:\users\etien\dossier\efrei\m2\ar\vrpn\vrpn0732\pc_win32\debug\vrpn_zaber.obj
c:\users\etien\dossier\efrei\m2\ar\vrpn\vrpn0732\pc_win32\debug\vrpn_yei_3space.obj
c:\users\etien\dossier\efrei\m2\ar\vrpn\vrpn0732\pc_win32\debug\vrpn_xkeys.obj
c:\users\etien\dossier\efrei\m2\ar\vrpn\vrpn0732\pc_win32\debug\vrpn_xinputgamepad.obj
c:\users\etien\dossier\efrei\m2\ar\vrpn\vrpn0732\pc_win32\debug\vrpn_wiimote.obj
c:\users\etien\dossier\efrei\m2\ar\vrpn\vrpn0732\pc_win32\debug\vrpn_wanda.obj
c:\users\etien\dossier\efrei\m2\ar\vrpn\vrpn0732\pc_win32\debug\vrpn_vpjoystick.obj
c:\users\etien\dossier\efrei\m2\ar\vrpn\vrpn0732\pc_win32\debug\vrpn_unc_joystick.obj
c:\users\etien\dossier\efrei\m2\ar\vrpn\vrpn0732\pc_win32\debug\vrpn_tracker_zsight.obj
c:\users\etien\dossier\efrei\m2\ar\vrpn\vrpn0732\pc_win32\debug\vrpn_tracker_wintracker.obj
c:\users\etien\dossier\efrei\m2\ar\vrpn\vrpn0732\pc_win32\debug\vrpn_tracker_wiimotehead.obj
c:\users\etien\dossier\efrei\m2\ar\vrpn\vrpn0732\pc_win32\debug\vrpn_tracker_viewpoint.obj
c:\users\etien\dossier\efrei\m2\ar\vrpn\vrpn0732\pc_win32\debug\vrpn_tracker_trivisiocolibri.obj
c:\users\etien\dossier\efrei\m2\ar\vrpn\vrpn0732\pc_win32\debug\vrpn_tracker_spacepoint.obj
c:\users\etien\dossier\efrei\m2\ar\vrpn\vrpn0732\pc_win32\debug\vrpn.lib
c:\users\etien\dossier\efrei\m2\ar\vrpn\vrpn0732\pc_win32\debug\make_vrpn_libs_build.obj
c:\users\etien\dossier\efrei\m2\ar\vrpn\vrpn0732\pc_win32\debug\make_vrpn_libs_build.ilk
c:\users\etien\dossier\efrei\m2\ar\vrpn\vrpn0732\pc_win32\debug\vc142.idb
c:\users\etien\dossier\efrei\m2\ar\vrpn\vrpn0732\pc_win32\debug\make_vrpn_libs_build.pdb
c:\users\etien\dossier\efrei\m2\ar\vrpn\vrpn0732\pc_win32\debug\vc142.pdb
c:\users\etien\dossier\efrei\m2\ar\vrpn\vrpn0732\.\pc_win32/debug\vrpn.lib
c:\users\etien\dossier\efrei\m2\ar\vrpn\vrpn0732\pc_win32\debug\vrpn.tlog\bscmake.command.1.tlog
c:\users\etien\dossier\efrei\m2\ar\vrpn\vrpn0732\pc_win32\debug\vrpn.tlog\bscmake.read.1.tlog
c:\users\etien\dossier\efrei\m2\ar\vrpn\vrpn0732\pc_win32\debug\vrpn.tlog\bscmake.write.1.tlog
c:\users\etien\dossier\efrei\m2\ar\vrpn\vrpn0732\pc_win32\debug\vrpn.tlog\cl.command.1.tlog
c:\users\etien\dossier\efrei\m2\ar\vrpn\vrpn0732\pc_win32\debug\vrpn.tlog\cl.read.1.tlog
c:\users\etien\dossier\efrei\m2\ar\vrpn\vrpn0732\pc_win32\debug\vrpn.tlog\cl.write.1.tlog
c:\users\etien\dossier\efrei\m2\ar\vrpn\vrpn0732\pc_win32\debug\vrpn.tlog\lib-link.read.1.tlog
c:\users\etien\dossier\efrei\m2\ar\vrpn\vrpn0732\pc_win32\debug\vrpn.tlog\lib-link.write.1.tlog
c:\users\etien\dossier\efrei\m2\ar\vrpn\vrpn0732\pc_win32\debug\vrpn.tlog\lib.command.1.tlog
