cl : command line warning D9035: option 'Gm' has been deprecated and will be removed in a future release
  vrpn_Zaber.C
  vrpn_YEI_3Space.C
  vrpn_Xkeys.C
  vrpn_XInputGamepad.C
  vrpn_WiiMote.C
  vrpn_Wanda.C
  vrpn_VPJoystick.C
  vrpn_UNC_Joystick.C
  vrpn_Tracker_zSight.C
  vrpn_Tracker_Wintracker.C
  vrpn_Tracker_WiimoteHead.C
  vrpn_Tracker_ViewPoint.C
  vrpn_Tracker_TrivisioColibri.C
  vrpn_Tracker_SpacePoint.C
  vrpn_Tracker_RazerHydra.C
  vrpn_Tracker_PhaseSpace.C
  vrpn_Tracker_PDI.C
  vrpn_Tracker_NovintFalcon.C
  vrpn_Tracker_NDI_Polaris.C
  vrpn_Tracker_MotionNode.C
  Generating Code...
  Compiling...
  vrpn_Tracker_LibertyHS.C
  vrpn_Tracker_Liberty.C
  vrpn_Tracker_JsonNet.C
  vrpn_Tracker_Isotrak.C
  vrpn_Tracker_isense.C
  vrpn_Tracker_GPS.C
  vrpn_Tracker_GameTrak.C
  vrpn_Tracker_Filter.C
  vrpn_Tracker_Fastrak.C
  vrpn_Tracker_DTrack.C
  vrpn_Tracker_Crossbow.C
  vrpn_Tracker_ButtonFly.C
  vrpn_Tracker_AnalogFly.C
  vrpn_Tracker_3DMouse.C
  vrpn_Tracker.C
  vrpn_Tng3.C
  vrpn_Text.C
  vrpn_Spaceball.C
  vrpn_Sound.C
  vrpn_SharedObject.C
  Generating Code...
  Compiling...
  vrpn_Shared.C
  vrpn_sgibox.C
  vrpn_Serial.C
  vrpn_Saitek_Controller_Raw.C
  vrpn_RetroLink.C
  vrpn_RedundantTransmission.C
  vrpn_raw_sgibox.C
  vrpn_Poser_Tek4662.C
  vrpn_Poser_Analog.C
  vrpn_Poser.C
  vrpn_nikon_controls.C
  vrpn_Nidaq.C
  vrpn_NationalInstruments.C
  vrpn_Mutex.C
  vrpn_Mouse.C
  vrpn_Microsoft_Controller_Raw.C
  vrpn_Magellan.C
  vrpn_LUDL.C
  vrpn_Logitech_Controller_Raw.C
  vrpn_Local_HIDAPI.C
  Generating Code...
  Compiling...
  vrpn_LamportClock.C
  vrpn_Keyboard.C
  vrpn_Joywin32.C
  vrpn_Joylin.C
  vrpn_JoyFly.C
  vrpn_inertiamouse.C
  vrpn_ImmersionBox.C
  vrpn_Imager_Stream_Buffer.C
  vrpn_Imager.C
  vrpn_IDEA.C
  vrpn_HumanInterface.C
  vrpn_Griffin.C
  vrpn_GlobalHapticsOrb.C
  vrpn_Futaba.C
  vrpn_FunctionGenerator.C
  vrpn_Freespace.C
  vrpn_ForwarderController.C
  vrpn_Forwarder.C
  vrpn_ForceDeviceServer.C
  vrpn_ForceDevice.C
  Generating Code...
  Compiling...
  vrpn_Flock_Parallel.C
  vrpn_Flock.C
  vrpn_FileController.C
  vrpn_FileConnection.C
  vrpn_Event_Mouse.C
  vrpn_Event_Analog.C
  vrpn_Event.C
  vrpn_Dyna.C
  vrpn_DreamCheeky.C
  vrpn_DirectXRumblePad.C
  vrpn_DirectXFFJoystick.C
  vrpn_Dial.C
  vrpn_Contour.C
  vrpn_Connection.C
  vrpn_CHProducts_Controller_Raw.C
  vrpn_CerealBox.C
  vrpn_Button_USB.cpp
  vrpn_Button_NI_DIO24.C
  vrpn_Button.C
  vrpn_BaseClass.C
  Generating Code...
  Compiling...
  vrpn_Auxiliary_Logger.C
  vrpn_Analog_USDigital_A2.C
  vrpn_Analog_Radamec_SPI.C
  vrpn_Analog_Output.C
  vrpn_Analog_5dtUSB.C
  vrpn_Analog_5dt.C
  vrpn_Analog.C
  vrpn_ADBox.C
  vrpn_5DT16.C
  vrpn_3Space.C
  vrpn_3DMicroscribe.C
  vrpn_3DConnexion.C
  Generating Code...
vrpn_3DConnexion.obj : warning LNK4075: ignoring '/EDITANDCONTINUE' due to '/SAFESEH' specification
     Creating library .\pc_win32\DLL\Debug\vrpndll.lib and object .\pc_win32\DLL\Debug\vrpndll.exp
  vrpndll.vcxproj -> C:\Users\etien\Dossier\efrei\M2\AR\VRPN\vrpn0732\.\pc_win32/DLL/Debug\vrpndll.dll
