c:\users\etien\dossier\efrei\m2\ar\vrpn\vrpn0732\pc_win32\dll\debug\vc142.pdb
c:\users\etien\dossier\efrei\m2\ar\vrpn\vrpn0732\pc_win32\dll\debug\vc142.idb
c:\users\etien\dossier\efrei\m2\ar\vrpn\vrpn0732\pc_win32\dll\debug\vrpn_tracker_motionnode.obj
c:\users\etien\dossier\efrei\m2\ar\vrpn\vrpn0732\pc_win32\dll\debug\vrpn_tracker_ndi_polaris.obj
c:\users\etien\dossier\efrei\m2\ar\vrpn\vrpn0732\pc_win32\dll\debug\vrpn_tracker_novintfalcon.obj
c:\users\etien\dossier\efrei\m2\ar\vrpn\vrpn0732\pc_win32\dll\debug\vrpn_tracker_pdi.obj
c:\users\etien\dossier\efrei\m2\ar\vrpn\vrpn0732\pc_win32\dll\debug\vrpn_tracker_phasespace.obj
c:\users\etien\dossier\efrei\m2\ar\vrpn\vrpn0732\pc_win32\dll\debug\vrpn_tracker_razerhydra.obj
c:\users\etien\dossier\efrei\m2\ar\vrpn\vrpn0732\pc_win32\dll\debug\vrpn_tracker_spacepoint.obj
c:\users\etien\dossier\efrei\m2\ar\vrpn\vrpn0732\pc_win32\dll\debug\vrpn_tracker_trivisiocolibri.obj
c:\users\etien\dossier\efrei\m2\ar\vrpn\vrpn0732\pc_win32\dll\debug\vrpn_tracker_viewpoint.obj
c:\users\etien\dossier\efrei\m2\ar\vrpn\vrpn0732\pc_win32\dll\debug\vrpn_tracker_wiimotehead.obj
c:\users\etien\dossier\efrei\m2\ar\vrpn\vrpn0732\pc_win32\dll\debug\vrpn_tracker_wintracker.obj
c:\users\etien\dossier\efrei\m2\ar\vrpn\vrpn0732\pc_win32\dll\debug\vrpn_tracker_zsight.obj
c:\users\etien\dossier\efrei\m2\ar\vrpn\vrpn0732\pc_win32\dll\debug\vrpn_unc_joystick.obj
c:\users\etien\dossier\efrei\m2\ar\vrpn\vrpn0732\pc_win32\dll\debug\vrpn_vpjoystick.obj
c:\users\etien\dossier\efrei\m2\ar\vrpn\vrpn0732\pc_win32\dll\debug\vrpn_wanda.obj
c:\users\etien\dossier\efrei\m2\ar\vrpn\vrpn0732\pc_win32\dll\debug\vrpn_wiimote.obj
c:\users\etien\dossier\efrei\m2\ar\vrpn\vrpn0732\pc_win32\dll\debug\vrpn_xinputgamepad.obj
c:\users\etien\dossier\efrei\m2\ar\vrpn\vrpn0732\pc_win32\dll\debug\vrpn_xkeys.obj
c:\users\etien\dossier\efrei\m2\ar\vrpn\vrpn0732\pc_win32\dll\debug\vrpn_yei_3space.obj
c:\users\etien\dossier\efrei\m2\ar\vrpn\vrpn0732\pc_win32\dll\debug\vrpn_zaber.obj
c:\users\etien\dossier\efrei\m2\ar\vrpn\vrpn0732\pc_win32\dll\debug\vrpn_sharedobject.obj
c:\users\etien\dossier\efrei\m2\ar\vrpn\vrpn0732\pc_win32\dll\debug\vrpn_sound.obj
c:\users\etien\dossier\efrei\m2\ar\vrpn\vrpn0732\pc_win32\dll\debug\vrpn_spaceball.obj
c:\users\etien\dossier\efrei\m2\ar\vrpn\vrpn0732\pc_win32\dll\debug\vrpn_text.obj
c:\users\etien\dossier\efrei\m2\ar\vrpn\vrpn0732\pc_win32\dll\debug\vrpn_tng3.obj
c:\users\etien\dossier\efrei\m2\ar\vrpn\vrpn0732\pc_win32\dll\debug\vrpn_tracker.obj
c:\users\etien\dossier\efrei\m2\ar\vrpn\vrpn0732\pc_win32\dll\debug\vrpn_tracker_3dmouse.obj
c:\users\etien\dossier\efrei\m2\ar\vrpn\vrpn0732\pc_win32\dll\debug\vrpn_tracker_analogfly.obj
c:\users\etien\dossier\efrei\m2\ar\vrpn\vrpn0732\pc_win32\dll\debug\vrpn_tracker_buttonfly.obj
c:\users\etien\dossier\efrei\m2\ar\vrpn\vrpn0732\pc_win32\dll\debug\vrpn_tracker_crossbow.obj
c:\users\etien\dossier\efrei\m2\ar\vrpn\vrpn0732\pc_win32\dll\debug\vrpn_tracker_dtrack.obj
c:\users\etien\dossier\efrei\m2\ar\vrpn\vrpn0732\pc_win32\dll\debug\vrpn_tracker_fastrak.obj
c:\users\etien\dossier\efrei\m2\ar\vrpn\vrpn0732\pc_win32\dll\debug\vrpn_tracker_filter.obj
c:\users\etien\dossier\efrei\m2\ar\vrpn\vrpn0732\pc_win32\dll\debug\vrpn_tracker_gametrak.obj
c:\users\etien\dossier\efrei\m2\ar\vrpn\vrpn0732\pc_win32\dll\debug\vrpn_tracker_gps.obj
c:\users\etien\dossier\efrei\m2\ar\vrpn\vrpn0732\pc_win32\dll\debug\vrpn_tracker_isense.obj
c:\users\etien\dossier\efrei\m2\ar\vrpn\vrpn0732\pc_win32\dll\debug\vrpn_tracker_isotrak.obj
c:\users\etien\dossier\efrei\m2\ar\vrpn\vrpn0732\pc_win32\dll\debug\vrpn_tracker_jsonnet.obj
c:\users\etien\dossier\efrei\m2\ar\vrpn\vrpn0732\pc_win32\dll\debug\vrpn_tracker_liberty.obj
c:\users\etien\dossier\efrei\m2\ar\vrpn\vrpn0732\pc_win32\dll\debug\vrpn_tracker_libertyhs.obj
c:\users\etien\dossier\efrei\m2\ar\vrpn\vrpn0732\pc_win32\dll\debug\vrpn_local_hidapi.obj
c:\users\etien\dossier\efrei\m2\ar\vrpn\vrpn0732\pc_win32\dll\debug\vrpn_logitech_controller_raw.obj
c:\users\etien\dossier\efrei\m2\ar\vrpn\vrpn0732\pc_win32\dll\debug\vrpn_ludl.obj
c:\users\etien\dossier\efrei\m2\ar\vrpn\vrpn0732\pc_win32\dll\debug\vrpn_magellan.obj
c:\users\etien\dossier\efrei\m2\ar\vrpn\vrpn0732\pc_win32\dll\debug\vrpn_microsoft_controller_raw.obj
c:\users\etien\dossier\efrei\m2\ar\vrpn\vrpn0732\pc_win32\dll\debug\vrpn_mouse.obj
c:\users\etien\dossier\efrei\m2\ar\vrpn\vrpn0732\pc_win32\dll\debug\vrpn_mutex.obj
c:\users\etien\dossier\efrei\m2\ar\vrpn\vrpn0732\pc_win32\dll\debug\vrpn_nationalinstruments.obj
c:\users\etien\dossier\efrei\m2\ar\vrpn\vrpn0732\pc_win32\dll\debug\vrpn_nidaq.obj
c:\users\etien\dossier\efrei\m2\ar\vrpn\vrpn0732\pc_win32\dll\debug\vrpn_nikon_controls.obj
c:\users\etien\dossier\efrei\m2\ar\vrpn\vrpn0732\pc_win32\dll\debug\vrpn_poser.obj
c:\users\etien\dossier\efrei\m2\ar\vrpn\vrpn0732\pc_win32\dll\debug\vrpn_poser_analog.obj
c:\users\etien\dossier\efrei\m2\ar\vrpn\vrpn0732\pc_win32\dll\debug\vrpn_poser_tek4662.obj
c:\users\etien\dossier\efrei\m2\ar\vrpn\vrpn0732\pc_win32\dll\debug\vrpn_raw_sgibox.obj
c:\users\etien\dossier\efrei\m2\ar\vrpn\vrpn0732\pc_win32\dll\debug\vrpn_redundanttransmission.obj
c:\users\etien\dossier\efrei\m2\ar\vrpn\vrpn0732\pc_win32\dll\debug\vrpn_retrolink.obj
c:\users\etien\dossier\efrei\m2\ar\vrpn\vrpn0732\pc_win32\dll\debug\vrpn_saitek_controller_raw.obj
c:\users\etien\dossier\efrei\m2\ar\vrpn\vrpn0732\pc_win32\dll\debug\vrpn_serial.obj
c:\users\etien\dossier\efrei\m2\ar\vrpn\vrpn0732\pc_win32\dll\debug\vrpn_sgibox.obj
c:\users\etien\dossier\efrei\m2\ar\vrpn\vrpn0732\pc_win32\dll\debug\vrpn_shared.obj
c:\users\etien\dossier\efrei\m2\ar\vrpn\vrpn0732\pc_win32\dll\debug\vrpn_forcedevice.obj
c:\users\etien\dossier\efrei\m2\ar\vrpn\vrpn0732\pc_win32\dll\debug\vrpn_forcedeviceserver.obj
c:\users\etien\dossier\efrei\m2\ar\vrpn\vrpn0732\pc_win32\dll\debug\vrpn_forwarder.obj
c:\users\etien\dossier\efrei\m2\ar\vrpn\vrpn0732\pc_win32\dll\debug\vrpn_forwardercontroller.obj
c:\users\etien\dossier\efrei\m2\ar\vrpn\vrpn0732\pc_win32\dll\debug\vrpn_freespace.obj
c:\users\etien\dossier\efrei\m2\ar\vrpn\vrpn0732\pc_win32\dll\debug\vrpn_functiongenerator.obj
c:\users\etien\dossier\efrei\m2\ar\vrpn\vrpn0732\pc_win32\dll\debug\vrpn_futaba.obj
c:\users\etien\dossier\efrei\m2\ar\vrpn\vrpn0732\pc_win32\dll\debug\vrpn_globalhapticsorb.obj
c:\users\etien\dossier\efrei\m2\ar\vrpn\vrpn0732\pc_win32\dll\debug\vrpn_griffin.obj
c:\users\etien\dossier\efrei\m2\ar\vrpn\vrpn0732\pc_win32\dll\debug\vrpn_humaninterface.obj
c:\users\etien\dossier\efrei\m2\ar\vrpn\vrpn0732\pc_win32\dll\debug\vrpn_idea.obj
c:\users\etien\dossier\efrei\m2\ar\vrpn\vrpn0732\pc_win32\dll\debug\vrpn_imager.obj
c:\users\etien\dossier\efrei\m2\ar\vrpn\vrpn0732\pc_win32\dll\debug\vrpn_imager_stream_buffer.obj
c:\users\etien\dossier\efrei\m2\ar\vrpn\vrpn0732\pc_win32\dll\debug\vrpn_immersionbox.obj
c:\users\etien\dossier\efrei\m2\ar\vrpn\vrpn0732\pc_win32\dll\debug\vrpn_inertiamouse.obj
c:\users\etien\dossier\efrei\m2\ar\vrpn\vrpn0732\pc_win32\dll\debug\vrpn_joyfly.obj
c:\users\etien\dossier\efrei\m2\ar\vrpn\vrpn0732\pc_win32\dll\debug\vrpn_joylin.obj
c:\users\etien\dossier\efrei\m2\ar\vrpn\vrpn0732\pc_win32\dll\debug\vrpn_joywin32.obj
c:\users\etien\dossier\efrei\m2\ar\vrpn\vrpn0732\pc_win32\dll\debug\vrpn_keyboard.obj
c:\users\etien\dossier\efrei\m2\ar\vrpn\vrpn0732\pc_win32\dll\debug\vrpn_lamportclock.obj
c:\users\etien\dossier\efrei\m2\ar\vrpn\vrpn0732\pc_win32\dll\debug\vrpn_baseclass.obj
c:\users\etien\dossier\efrei\m2\ar\vrpn\vrpn0732\pc_win32\dll\debug\vrpn_button.obj
c:\users\etien\dossier\efrei\m2\ar\vrpn\vrpn0732\pc_win32\dll\debug\vrpn_button_ni_dio24.obj
c:\users\etien\dossier\efrei\m2\ar\vrpn\vrpn0732\pc_win32\dll\debug\vrpn_button_usb.obj
c:\users\etien\dossier\efrei\m2\ar\vrpn\vrpn0732\pc_win32\dll\debug\vrpn_cerealbox.obj
c:\users\etien\dossier\efrei\m2\ar\vrpn\vrpn0732\pc_win32\dll\debug\vrpn_chproducts_controller_raw.obj
c:\users\etien\dossier\efrei\m2\ar\vrpn\vrpn0732\pc_win32\dll\debug\vrpn_connection.obj
c:\users\etien\dossier\efrei\m2\ar\vrpn\vrpn0732\pc_win32\dll\debug\vrpn_contour.obj
c:\users\etien\dossier\efrei\m2\ar\vrpn\vrpn0732\pc_win32\dll\debug\vrpn_dial.obj
c:\users\etien\dossier\efrei\m2\ar\vrpn\vrpn0732\pc_win32\dll\debug\vrpn_directxffjoystick.obj
c:\users\etien\dossier\efrei\m2\ar\vrpn\vrpn0732\pc_win32\dll\debug\vrpn_directxrumblepad.obj
c:\users\etien\dossier\efrei\m2\ar\vrpn\vrpn0732\pc_win32\dll\debug\vrpn_dreamcheeky.obj
c:\users\etien\dossier\efrei\m2\ar\vrpn\vrpn0732\pc_win32\dll\debug\vrpn_dyna.obj
c:\users\etien\dossier\efrei\m2\ar\vrpn\vrpn0732\pc_win32\dll\debug\vrpn_event.obj
c:\users\etien\dossier\efrei\m2\ar\vrpn\vrpn0732\pc_win32\dll\debug\vrpn_event_analog.obj
c:\users\etien\dossier\efrei\m2\ar\vrpn\vrpn0732\pc_win32\dll\debug\vrpn_event_mouse.obj
c:\users\etien\dossier\efrei\m2\ar\vrpn\vrpn0732\pc_win32\dll\debug\vrpn_fileconnection.obj
c:\users\etien\dossier\efrei\m2\ar\vrpn\vrpn0732\pc_win32\dll\debug\vrpn_filecontroller.obj
c:\users\etien\dossier\efrei\m2\ar\vrpn\vrpn0732\pc_win32\dll\debug\vrpn_flock.obj
c:\users\etien\dossier\efrei\m2\ar\vrpn\vrpn0732\pc_win32\dll\debug\vrpn_flock_parallel.obj
c:\users\etien\dossier\efrei\m2\ar\vrpn\vrpn0732\pc_win32\dll\debug\vrpn_3dconnexion.obj
c:\users\etien\dossier\efrei\m2\ar\vrpn\vrpn0732\pc_win32\dll\debug\vrpn_3dmicroscribe.obj
c:\users\etien\dossier\efrei\m2\ar\vrpn\vrpn0732\pc_win32\dll\debug\vrpn_3space.obj
c:\users\etien\dossier\efrei\m2\ar\vrpn\vrpn0732\pc_win32\dll\debug\vrpn_5dt16.obj
c:\users\etien\dossier\efrei\m2\ar\vrpn\vrpn0732\pc_win32\dll\debug\vrpn_adbox.obj
c:\users\etien\dossier\efrei\m2\ar\vrpn\vrpn0732\pc_win32\dll\debug\vrpn_analog.obj
c:\users\etien\dossier\efrei\m2\ar\vrpn\vrpn0732\pc_win32\dll\debug\vrpn_analog_5dt.obj
c:\users\etien\dossier\efrei\m2\ar\vrpn\vrpn0732\pc_win32\dll\debug\vrpn_analog_5dtusb.obj
c:\users\etien\dossier\efrei\m2\ar\vrpn\vrpn0732\pc_win32\dll\debug\vrpn_analog_output.obj
c:\users\etien\dossier\efrei\m2\ar\vrpn\vrpn0732\pc_win32\dll\debug\vrpn_analog_radamec_spi.obj
c:\users\etien\dossier\efrei\m2\ar\vrpn\vrpn0732\pc_win32\dll\debug\vrpn_analog_usdigital_a2.obj
c:\users\etien\dossier\efrei\m2\ar\vrpn\vrpn0732\pc_win32\dll\debug\vrpn_auxiliary_logger.obj
c:\users\etien\dossier\efrei\m2\ar\vrpn\vrpn0732\pc_win32\dll\debug\vrpndll.ilk
c:\users\etien\dossier\efrei\m2\ar\vrpn\vrpn0732\pc_win32\dll\debug\vrpndll.dll
c:\users\etien\dossier\efrei\m2\ar\vrpn\vrpn0732\pc_win32\dll\debug\vrpndll.pdb
c:\users\etien\dossier\efrei\m2\ar\vrpn\vrpn0732\pc_win32\dll\debug\vrpndll.lib
c:\users\etien\dossier\efrei\m2\ar\vrpn\vrpn0732\pc_win32\dll\debug\vrpndll.exp
c:\users\etien\dossier\efrei\m2\ar\vrpn\vrpn0732\.\pc_win32/dll/debug\vrpndll.dll
c:\users\etien\dossier\efrei\m2\ar\vrpn\vrpn0732\pc_win32\dll\debug\vrpndll.tlog\cl.command.1.tlog
c:\users\etien\dossier\efrei\m2\ar\vrpn\vrpn0732\pc_win32\dll\debug\vrpndll.tlog\cl.read.1.tlog
c:\users\etien\dossier\efrei\m2\ar\vrpn\vrpn0732\pc_win32\dll\debug\vrpndll.tlog\cl.write.1.tlog
c:\users\etien\dossier\efrei\m2\ar\vrpn\vrpn0732\pc_win32\dll\debug\vrpndll.tlog\link.command.1.tlog
c:\users\etien\dossier\efrei\m2\ar\vrpn\vrpn0732\pc_win32\dll\debug\vrpndll.tlog\link.read.1.tlog
c:\users\etien\dossier\efrei\m2\ar\vrpn\vrpn0732\pc_win32\dll\debug\vrpndll.tlog\link.write.1.tlog
c:\users\etien\dossier\efrei\m2\ar\vrpn\vrpn0732\pc_win32\dll\debug\vrpndll.tlog\vrpndll.write.1u.tlog
