c:\users\etien\dossier\efrei\m2\ar\vrpn\vrpn0732\quat\pc_win32\debug\quatlib.bsc
c:\users\etien\dossier\efrei\m2\ar\vrpn\vrpn0732\quat\pc_win32\debug\quatlib.pdb
c:\users\etien\dossier\efrei\m2\ar\vrpn\vrpn0732\quat\pc_win32\debug\matrix.sbr
c:\users\etien\dossier\efrei\m2\ar\vrpn\vrpn0732\quat\pc_win32\debug\quat.sbr
c:\users\etien\dossier\efrei\m2\ar\vrpn\vrpn0732\quat\pc_win32\debug\vector.sbr
c:\users\etien\dossier\efrei\m2\ar\vrpn\vrpn0732\quat\pc_win32\debug\xyzquat.sbr
c:\users\etien\dossier\efrei\m2\ar\vrpn\vrpn0732\quat\pc_win32\debug\xyzquat.obj
c:\users\etien\dossier\efrei\m2\ar\vrpn\vrpn0732\quat\pc_win32\debug\vector.obj
c:\users\etien\dossier\efrei\m2\ar\vrpn\vrpn0732\quat\pc_win32\debug\quat.obj
c:\users\etien\dossier\efrei\m2\ar\vrpn\vrpn0732\quat\pc_win32\debug\matrix.obj
c:\users\etien\dossier\efrei\m2\ar\vrpn\vrpn0732\quat\pc_win32\debug\quat.lib
c:\users\etien\dossier\efrei\m2\ar\vrpn\vrpn0732\quat\pc_win32\debug\quatlib.tlog\bscmake.command.1.tlog
c:\users\etien\dossier\efrei\m2\ar\vrpn\vrpn0732\quat\pc_win32\debug\quatlib.tlog\bscmake.read.1.tlog
c:\users\etien\dossier\efrei\m2\ar\vrpn\vrpn0732\quat\pc_win32\debug\quatlib.tlog\bscmake.write.1.tlog
c:\users\etien\dossier\efrei\m2\ar\vrpn\vrpn0732\quat\pc_win32\debug\quatlib.tlog\cl.command.1.tlog
c:\users\etien\dossier\efrei\m2\ar\vrpn\vrpn0732\quat\pc_win32\debug\quatlib.tlog\cl.read.1.tlog
c:\users\etien\dossier\efrei\m2\ar\vrpn\vrpn0732\quat\pc_win32\debug\quatlib.tlog\cl.write.1.tlog
c:\users\etien\dossier\efrei\m2\ar\vrpn\vrpn0732\quat\pc_win32\debug\quatlib.tlog\lib-link.read.1.tlog
c:\users\etien\dossier\efrei\m2\ar\vrpn\vrpn0732\quat\pc_win32\debug\quatlib.tlog\lib-link.write.1.tlog
c:\users\etien\dossier\efrei\m2\ar\vrpn\vrpn0732\quat\pc_win32\debug\quatlib.tlog\lib.command.1.tlog
