c:\users\etien\dossier\efrei\m2\ar\vrpn\vrpn0732\pc_win32\server_src\debug\vrpn_phantom.bsc
c:\users\etien\dossier\efrei\m2\ar\vrpn\vrpn0732\pc_win32\server_src\debug\vrpn_phantom.pdb
c:\users\etien\dossier\efrei\m2\ar\vrpn\vrpn0732\pc_win32\server_src\debug\vrpn_phantom.idb
c:\users\etien\dossier\efrei\m2\ar\vrpn\vrpn0732\pc_win32\server_src\debug\vrpn_phantom.sbr
c:\users\etien\dossier\efrei\m2\ar\vrpn\vrpn0732\pc_win32\server_src\debug\trimesh.sbr
c:\users\etien\dossier\efrei\m2\ar\vrpn\vrpn0732\pc_win32\server_src\debug\texture_plane.sbr
c:\users\etien\dossier\efrei\m2\ar\vrpn\vrpn0732\pc_win32\server_src\debug\plane.sbr
c:\users\etien\dossier\efrei\m2\ar\vrpn\vrpn0732\pc_win32\server_src\debug\instantbuzzeffect.sbr
c:\users\etien\dossier\efrei\m2\ar\vrpn\vrpn0732\pc_win32\server_src\debug\forcefield.sbr
c:\users\etien\dossier\efrei\m2\ar\vrpn\vrpn0732\pc_win32\server_src\debug\constraint.sbr
c:\users\etien\dossier\efrei\m2\ar\vrpn\vrpn0732\pc_win32\server_src\debug\buzzforcefield.sbr
c:\users\etien\dossier\efrei\m2\ar\vrpn\vrpn0732\pc_win32\server_src\debug\buzzforcefield.obj
c:\users\etien\dossier\efrei\m2\ar\vrpn\vrpn0732\pc_win32\server_src\debug\constraint.obj
c:\users\etien\dossier\efrei\m2\ar\vrpn\vrpn0732\pc_win32\server_src\debug\forcefield.obj
c:\users\etien\dossier\efrei\m2\ar\vrpn\vrpn0732\pc_win32\server_src\debug\instantbuzzeffect.obj
c:\users\etien\dossier\efrei\m2\ar\vrpn\vrpn0732\pc_win32\server_src\debug\plane.obj
c:\users\etien\dossier\efrei\m2\ar\vrpn\vrpn0732\pc_win32\server_src\debug\texture_plane.obj
c:\users\etien\dossier\efrei\m2\ar\vrpn\vrpn0732\pc_win32\server_src\debug\trimesh.obj
c:\users\etien\dossier\efrei\m2\ar\vrpn\vrpn0732\pc_win32\server_src\debug\vrpn_phantom.obj
c:\users\etien\dossier\efrei\m2\ar\vrpn\vrpn0732\pc_win32\server_src\debug\vrpn_phantom.lib
c:\users\etien\dossier\efrei\m2\ar\vrpn\vrpn0732\pc_win32\server_src\debug\testimager_server.obj
c:\users\etien\dossier\efrei\m2\ar\vrpn\vrpn0732\pc_win32\server_src\debug\vrpn_hid_device_watcher.obj
c:\users\etien\dossier\efrei\m2\ar\vrpn\vrpn0732\pc_win32\server_src\debug\testimager_server.ilk
c:\users\etien\dossier\efrei\m2\ar\vrpn\vrpn0732\pc_win32\server_src\debug\vrpn_hid_device_watcher.ilk
c:\users\etien\dossier\efrei\m2\ar\vrpn\vrpn0732\pc_win32\server_src\debug\vrpn_hid_device_watcher.exp
c:\users\etien\dossier\efrei\m2\ar\vrpn\vrpn0732\pc_win32\server_src\debug\vc142.idb
c:\users\etien\dossier\efrei\m2\ar\vrpn\vrpn0732\pc_win32\server_src\debug\testimager_server.pdb
c:\users\etien\dossier\efrei\m2\ar\vrpn\vrpn0732\pc_win32\server_src\debug\vc142.pdb
c:\users\etien\dossier\efrei\m2\ar\vrpn\vrpn0732\pc_win32\server_src\debug\vrpn_hid_device_watcher.pdb
c:\users\etien\dossier\efrei\m2\ar\vrpn\vrpn0732\server_src\.\../pc_win32/server_src/debug\vrpn_phantom.lib
c:\users\etien\dossier\efrei\m2\ar\vrpn\vrpn0732\pc_win32\server_src\debug\vrpn_phantom.tlog\bscmake.command.1.tlog
c:\users\etien\dossier\efrei\m2\ar\vrpn\vrpn0732\pc_win32\server_src\debug\vrpn_phantom.tlog\bscmake.read.1.tlog
c:\users\etien\dossier\efrei\m2\ar\vrpn\vrpn0732\pc_win32\server_src\debug\vrpn_phantom.tlog\bscmake.write.1.tlog
c:\users\etien\dossier\efrei\m2\ar\vrpn\vrpn0732\pc_win32\server_src\debug\vrpn_phantom.tlog\cl.command.1.tlog
c:\users\etien\dossier\efrei\m2\ar\vrpn\vrpn0732\pc_win32\server_src\debug\vrpn_phantom.tlog\cl.read.1.tlog
c:\users\etien\dossier\efrei\m2\ar\vrpn\vrpn0732\pc_win32\server_src\debug\vrpn_phantom.tlog\cl.write.1.tlog
c:\users\etien\dossier\efrei\m2\ar\vrpn\vrpn0732\pc_win32\server_src\debug\vrpn_phantom.tlog\lib-link.read.1.tlog
c:\users\etien\dossier\efrei\m2\ar\vrpn\vrpn0732\pc_win32\server_src\debug\vrpn_phantom.tlog\lib-link.write.1.tlog
c:\users\etien\dossier\efrei\m2\ar\vrpn\vrpn0732\pc_win32\server_src\debug\vrpn_phantom.tlog\lib.command.1.tlog
